<?xml version="1.0" encoding="UTF-8"?>
<!-- Generated by org.testng.reporters.JUnitReportReporter -->
<testsuite hostname="DESKTOP-CM623GF" failures="0" tests="9" name="ESRS_Report.Bulkactions" time="80.197" errors="0" timestamp="2025-06-05T16:13:23 IST" skipped="0">
  <testcase classname="ESRS_Report.Bulkactions" name="markE16voluntaryoff" time="54.993"/>
  <testcase classname="ESRS_Report.Bulkactions" name="markE17nonmaterial" time="0.833"/>
  <testcase classname="ESRS_Report.Bulkactions" name="completestep1" time="0.301"/>
  <testcase classname="ESRS_Report.Bulkactions" name="assigndatapointtoentity" time="19.481"/>
  <testcase classname="ESRS_Report.Bulkactions" name="startdatacollection" time="1.405"/>
  <testcase classname="ESRS_Report.Bulkactions" name="getdatacollectionid" time="1.851"/>
  <testcase classname="ESRS_Report.Bulkactions" name="getesrsentitydatacollectionid" time="0.478"/>
  <testcase classname="ESRS_Report.Bulkactions" name="getesrsentitydatacollectionidparent" time="0.469"/>
  <testcase classname="ESRS_Report.Bulkactions" name="completestep2" time="0.386"/>
</testsuite> <!-- ESRS_Report.Bulkactions -->
