<?xml version="1.0" encoding="UTF-8"?>
<!-- Generated by org.testng.reporters.JUnitReportReporter -->
<testsuite hostname="DESKTOP-CM623GF" failures="0" tests="4" name="ESRS_Report.CreateUsers" time="8.011" errors="0" timestamp="2025-06-24T16:02:23 IST" skipped="0">
  <testcase classname="ESRS_Report.CreateUsers" name="createparent" time="2.099"/>
  <testcase classname="ESRS_Report.CreateUsers" name="createparententity" time="0.502"/>
  <testcase classname="ESRS_Report.CreateUsers" name="createchild" time="3.890"/>
  <testcase classname="ESRS_Report.CreateUsers" name="createchildentity" time="1.520"/>
</testsuite> <!-- ESRS_Report.CreateUsers -->
