<?xml version="1.0" encoding="UTF-8"?>
<!-- Generated by org.testng.reporters.JUnitReportReporter -->
<testsuite hostname="DESKTOP-CM623GF" failures="0" tests="5" name="ESRS_Report.Answerdatarequest" time="37.238" errors="0" timestamp="2025-06-06T15:51:23 IST" skipped="0">
  <testcase classname="ESRS_Report.Answerdatarequest" name="startchilddatacollection" time="18.779"/>
  <testcase classname="ESRS_Report.Answerdatarequest" name="completedatacollectionchild" time="0.695"/>
  <testcase classname="ESRS_Report.Answerdatarequest" name="startparentdatacollection" time="16.589"/>
  <testcase classname="ESRS_Report.Answerdatarequest" name="completedatacollectionparent" time="0.422"/>
  <testcase classname="ESRS_Report.Answerdatarequest" name="Completedatacollection" time="0.753"/>
</testsuite> <!-- ESRS_Report.Answerdatarequest -->
