<?xml version="1.0" encoding="UTF-8"?>
<!-- Generated by org.testng.reporters.JUnitReportReporter -->
<testsuite hostname="DESKTOP-CM623GF" failures="0" tests="1" name="daato_automation_test.Checkresendnotification" time="24.858" errors="0" timestamp="2025-06-16T15:47:20 IST" skipped="0">
  <testcase classname="daato_automation_test.Checkresendnotification" name="checkresendnotification" time="24.858"/>
</testsuite> <!-- daato_automation_test.Checkresendnotification -->
