<?xml version="1.0" encoding="UTF-8"?>
<!-- Generated by org.testng.reporters.JUnitReportReporter -->
<testsuite hostname="DESKTOP-CM623GF" failures="0" tests="1" name="daato_automation_test.AbstractRiskCalculationTest" time="45.982" errors="0" timestamp="2025-06-16T18:01:17 IST" skipped="0">
  <testcase classname="daato_automation_test.AbstractRiskCalculationTest" name="to_verify_abstrac_risk" time="45.982"/>
</testsuite> <!-- daato_automation_test.AbstractRiskCalculationTest -->
