<?xml version="1.0" encoding="UTF-8"?>
<!-- Generated by org.testng.reporters.JUnitReportReporter -->
<testsuite hostname="DESKTOP-CM623GF" failures="0" tests="4" name="EU_Taxonomy.Addactivity" time="2.704" errors="0" timestamp="2025-06-18T13:51:09 IST" skipped="0">
  <testcase classname="EU_Taxonomy.Addactivity" name="addactivityfirst" time="0.596"/>
  <testcase classname="EU_Taxonomy.Addactivity" name="addactivitsecond" time="0.615"/>
  <testcase classname="EU_Taxonomy.Addactivity" name="fetchidsofminsafguard" time="0.771"/>
  <testcase classname="EU_Taxonomy.Addactivity" name="fetchenvironmentreportcriteriid" time="0.722"/>
</testsuite> <!-- EU_Taxonomy.Addactivity -->
