<?xml version="1.0" encoding="UTF-8"?>
<!-- Generated by org.testng.reporters.JUnitReportReporter -->
<testsuite hostname="DESKTOP-CM623GF" failures="0" tests="3" name="DoubleMateriality.CreateDMreport" time="3.535" errors="0" timestamp="2025-06-12T18:43:08 IST" skipped="0">
  <testcase classname="DoubleMateriality.CreateDMreport" name="createreport" time="0.810"/>
  <testcase classname="DoubleMateriality.CreateDMreport" name="markTopicNonmaterial" time="2.446"/>
  <testcase classname="DoubleMateriality.CreateDMreport" name="checkresponseaftermarkingasnonmaterial" time="0.279"/>
</testsuite> <!-- DoubleMateriality.CreateDMreport -->
