<?xml version="1.0" encoding="UTF-8"?>
<!-- Generated by org.testng.reporters.JUnitReportReporter -->
<testsuite hostname="DESKTOP-CM623GF" failures="0" tests="3" name="DoubleMateriality.UploadandcheckIROscore" time="112.429" errors="0" timestamp="2025-05-19T16:23:16 IST" skipped="0">
  <testcase classname="DoubleMateriality.UploadandcheckIROscore" name="uploadiro" time="35.443"/>
  <testcase classname="DoubleMateriality.UploadandcheckIROscore" name="checkiroscore" time="31.274"/>
  <testcase classname="DoubleMateriality.UploadandcheckIROscore" name="checkassedetails" time="45.712"/>
</testsuite> <!-- DoubleMateriality.UploadandcheckIROscore -->
