<?xml version="1.0" encoding="UTF-8"?>
<!-- Generated by org.testng.reporters.JUnitReportReporter -->
<testsuite hostname="DESKTOP-CM623GF" failures="0" tests="1" name="ESRS_Report.Completefinalstep" time="7.509" errors="0" timestamp="2025-06-12T11:29:44 IST" skipped="0">
  <testcase classname="ESRS_Report.Completefinalstep" name="completefinalstep" time="7.509"/>
</testsuite> <!-- ESRS_Report.Completefinalstep -->
