<?xml version="1.0" encoding="UTF-8"?>
<!-- Generated by org.testng.reporters.JUnitReportReporter -->
<testsuite hostname="DESKTOP-CM623GF" failures="0" tests="2" name="ESRS_Report.ExcelDownloader" time="3.459" errors="0" timestamp="2025-06-24T16:02:23 IST" skipped="0">
  <testcase classname="ESRS_Report.ExcelDownloader" name="downloadesrsexcel" time="2.813"/>
  <testcase classname="ESRS_Report.ExcelDownloader" name="Verifyexceldata" time="0.646"/>
</testsuite> <!-- ESRS_Report.ExcelDownloader -->
