<?xml version="1.0" encoding="UTF-8"?>
<!-- Generated by org.testng.reporters.JUnitReportReporter -->
<testsuite hostname="DESKTOP-CM623GF" failures="0" tests="2" name="daato_automation_test.Acceptsaqandcoc" time="53.576" errors="0" timestamp="2025-04-24T11:18:50 IST" skipped="0">
  <testcase classname="daato_automation_test.Acceptsaqandcoc" name="getadmintoken" time="21.412"/>
  <testcase classname="daato_automation_test.Acceptsaqandcoc" name="acceptsaqandcoc" time="32.164"/>
</testsuite> <!-- daato_automation_test.Acceptsaqandcoc -->
