<?xml version="1.0" encoding="UTF-8"?>
<!-- Generated by org.testng.reporters.JUnitReportReporter -->
<testsuite hostname="DESKTOP-CM623GF" failures="0" tests="2" name="ESRS_Report.Registerentity" time="89.597" errors="0" timestamp="2025-06-18T11:44:52 IST" skipped="0">
  <testcase classname="ESRS_Report.Registerentity" name="registerentity" time="44.015"/>
  <testcase classname="ESRS_Report.Registerentity" name="registerparentenity" time="45.582"/>
</testsuite> <!-- ESRS_Report.Registerentity -->
