<?xml version="1.0" encoding="UTF-8"?>
<!-- Generated by org.testng.reporters.JUnitReportReporter -->
<testsuite hostname="DESKTOP-CM623GF" failures="0" tests="4" name="EU_Taxonomy.Addfinancialdata" time="4.476" errors="0" timestamp="2025-06-16T17:06:46 IST" skipped="0">
  <testcase classname="EU_Taxonomy.Addfinancialdata" name="Updatestatus" time="0.313"/>
  <testcase classname="EU_Taxonomy.Addfinancialdata" name="addfinancialdata" time="1.407"/>
  <testcase classname="EU_Taxonomy.Addfinancialdata" name="addfinancialdata92" time="1.091"/>
  <testcase classname="EU_Taxonomy.Addfinancialdata" name="addfinancialdata32" time="1.665"/>
</testsuite> <!-- EU_Taxonomy.Addfinancialdata -->
