<?xml version="1.0" encoding="UTF-8"?>
<!-- Generated by org.testng.reporters.JUnitReportReporter -->
<testsuite hostname="DESKTOP-CM623GF" failures="0" tests="2" name="EU_Taxonomy.Fillminimumsafeguard" time="20.340" errors="0" timestamp="2025-06-27T14:59:23 IST" skipped="0">
  <testcase classname="EU_Taxonomy.Fillminimumsafeguard" name="fillMS92" time="9.937"/>
  <testcase classname="EU_Taxonomy.Fillminimumsafeguard" name="fillms32" time="10.403"/>
</testsuite> <!-- EU_Taxonomy.Fillminimumsafeguard -->
