<?xml version="1.0" encoding="UTF-8"?>
<!-- Generated by org.testng.reporters.JUnitReportReporter -->
<testsuite hostname="DESKTOP-CM623GF" failures="0" tests="1" name="ESRS_Report.CreateReport" time="6.419" errors="0" timestamp="2025-05-14T17:21:30 IST" skipped="0">
  <testcase classname="ESRS_Report.CreateReport" name="createsrsreport" time="6.419"/>
</testsuite> <!-- ESRS_Report.CreateReport -->
