<?xml version="1.0" encoding="UTF-8"?>
<!-- Generated by org.testng.reporters.JUnitReportReporter -->
<testsuite hostname="DESKTOP-38Q9L5G" failures="0" tests="1" name="daato_automation_test.RiskPrioritySelfAssessmentTest" time="33.587" errors="0" timestamp="2023-10-17T16:25:04 IST" skipped="0">
  <testcase classname="daato_automation_test.RiskPrioritySelfAssessmentTest" name="check_risk_priority_Self_assessment" time="33.587"/>
</testsuite> <!-- daato_automation_test.RiskPrioritySelfAssessmentTest -->
