<?xml version="1.0" encoding="UTF-8"?>
<!-- Generated by org.testng.reporters.JUnitReportReporter -->
<testsuite hostname="DESKTOP-CM623GF" failures="0" tests="1" name="EU_Taxonomy.Createorder" time="2.825" errors="0" timestamp="2025-06-17T14:00:43 IST" skipped="0">
  <testcase classname="EU_Taxonomy.Createorder" name="createOrderWithSession" time="2.825"/>
</testsuite> <!-- EU_Taxonomy.Createorder -->
