<?xml version="1.0" encoding="UTF-8"?>
<!-- Generated by org.testng.reporters.JUnitReportReporter -->
<testsuite hostname="DESKTOP-CM623GF" failures="0" tests="9" name="ESRS_Report.Bulkactions" time="68.537" errors="0" timestamp="2025-06-10T15:26:49 IST" skipped="0">
  <testcase classname="ESRS_Report.Bulkactions" name="markE16voluntaryoff" time="57.125"/>
  <testcase classname="ESRS_Report.Bulkactions" name="markE17nonmaterial" time="0.484"/>
  <testcase classname="ESRS_Report.Bulkactions" name="completestep1" time="0.368"/>
  <testcase classname="ESRS_Report.Bulkactions" name="assigndatapointtoentity" time="4.993"/>
  <testcase classname="ESRS_Report.Bulkactions" name="startdatacollection" time="1.916"/>
  <testcase classname="ESRS_Report.Bulkactions" name="getdatacollectionid" time="1.858"/>
  <testcase classname="ESRS_Report.Bulkactions" name="getesrsentitydatacollectionid" time="0.548"/>
  <testcase classname="ESRS_Report.Bulkactions" name="getesrsentitydatacollectionidparent" time="0.461"/>
  <testcase classname="ESRS_Report.Bulkactions" name="completestep2" time="0.784"/>
</testsuite> <!-- ESRS_Report.Bulkactions -->
