<?xml version="1.0" encoding="UTF-8"?>
<!-- Generated by org.testng.reporters.JUnitReportReporter -->
<testsuite hostname="DESKTOP-CM623GF" failures="0" tests="3" name="ESRS_Report.Createentityspecificdis" time="8.238" errors="0" timestamp="2025-06-05T13:08:49 IST" skipped="0">
  <testcase classname="ESRS_Report.Createentityspecificdis" name="createentityspecificdis" time="0.778"/>
  <testcase classname="ESRS_Report.Createentityspecificdis" name="getid" time="1.889"/>
  <testcase classname="ESRS_Report.Createentityspecificdis" name="markasnonmaterialentityspecifc" time="5.571"/>
</testsuite> <!-- ESRS_Report.Createentityspecificdis -->
