<?xml version="1.0" encoding="UTF-8"?>
<!-- Generated by org.testng.reporters.JUnitReportReporter -->
<testsuite hostname="DESKTOP-CM623GF" failures="0" tests="2" name="daato_automation_test.Uploadsupplierrepository" time="68.353" errors="0" timestamp="2025-04-24T11:57:20 IST" skipped="0">
  <testcase classname="daato_automation_test.Uploadsupplierrepository" name="editanduploadrepo" time="45.458"/>
  <testcase classname="daato_automation_test.Uploadsupplierrepository" name="checkcontactnameaftereditrepo" time="22.895"/>
</testsuite> <!-- daato_automation_test.Uploadsupplierrepository -->
