<?xml version="1.0" encoding="UTF-8"?>
<!-- Generated by org.testng.reporters.JUnitReportReporter -->
<testsuite hostname="DESKTOP-CM623GF" failures="0" tests="2" name="daato_automation_test.Uploadsupplierrepository" time="55.471" errors="0" timestamp="2025-05-12T15:27:06 IST" skipped="0">
  <testcase classname="daato_automation_test.Uploadsupplierrepository" name="editanduploadrepo" time="35.624"/>
  <testcase classname="daato_automation_test.Uploadsupplierrepository" name="checkcontactnameaftereditrepo" time="19.847"/>
</testsuite> <!-- daato_automation_test.Uploadsupplierrepository -->
