<?xml version="1.0" encoding="UTF-8"?>
<!-- Generated by org.testng.reporters.JUnitReportReporter -->
<testsuite hostname="DESKTOP-CM623GF" failures="0" tests="2" name="daato_automation_test.Bulkassignentity" time="37.863" errors="0" timestamp="2025-05-12T15:27:06 IST" skipped="0">
  <testcase classname="daato_automation_test.Bulkassignentity" name="bulkassignentity" time="19.000"/>
  <testcase classname="daato_automation_test.Bulkassignentity" name="bulkassignrelationshipmanager" time="18.863"/>
</testsuite> <!-- daato_automation_test.Bulkassignentity -->
