<?xml version="1.0" encoding="UTF-8"?>
<!-- Generated by org.testng.reporters.JUnitReportReporter -->
<testsuite hostname="DESKTOP-CM623GF" failures="0" tests="1" name="daato_automation_test.BulksupplierImport" time="20.982" errors="0" timestamp="2025-04-25T12:44:02 IST" skipped="0">
  <testcase classname="daato_automation_test.BulksupplierImport" name="uploadbulksuppliers" time="20.982"/>
</testsuite> <!-- daato_automation_test.BulksupplierImport -->
