<?xml version="1.0" encoding="UTF-8"?>
<!-- Generated by org.testng.reporters.JUnitReportReporter -->
<testsuite hostname="DESKTOP-CM623GF" failures="0" tests="2" name="ESRS_Report.Registerentity" time="86.773" errors="0" timestamp="2025-06-04T11:29:14 IST" skipped="0">
  <testcase classname="ESRS_Report.Registerentity" name="registerentity" time="43.897"/>
  <testcase classname="ESRS_Report.Registerentity" name="registerparentenity" time="42.876"/>
</testsuite> <!-- ESRS_Report.Registerentity -->
