<?xml version="1.0" encoding="UTF-8"?>
<!-- Generated by org.testng.reporters.JUnitReportReporter -->
<testsuite hostname="DESKTOP-CM623GF" failures="0" tests="1" name="DoubleMateriality.Checkmanualscore" time="46.485" errors="0" timestamp="2025-06-24T17:27:56 IST" skipped="0">
  <testcase classname="DoubleMateriality.Checkmanualscore" name="checkmaualscore" time="46.485"/>
</testsuite> <!-- DoubleMateriality.Checkmanualscore -->
