<?xml version="1.0" encoding="UTF-8"?>
<!-- Generated by org.testng.reporters.JUnitReportReporter -->
<testsuite hostname="DESKTOP-38Q9L5G" failures="0" tests="1" name="daato_automation_test.AcceptingSAQTest" time="51.949" errors="0" timestamp="2023-10-17T16:08:32 IST" skipped="0">
  <testcase classname="daato_automation_test.AcceptingSAQTest" name="accepting_SAQ" time="51.949"/>
</testsuite> <!-- daato_automation_test.AcceptingSAQTest -->
