<?xml version="1.0" encoding="UTF-8"?>
<!-- Generated by org.testng.reporters.JUnitReportReporter -->
<testsuite hostname="DESKTOP-CM623GF" failures="0" tests="1" name="daato_automation_test.SendCOCTest" time="34.771" errors="0" timestamp="2025-04-29T11:26:26 IST" skipped="0">
  <testcase classname="daato_automation_test.SendCOCTest" name="send_coc" time="34.771"/>
</testsuite> <!-- daato_automation_test.SendCOCTest -->
