<?xml version="1.0" encoding="UTF-8"?>
<!-- Generated by org.testng.reporters.JUnitReportReporter -->
<testsuite hostname="DESKTOP-CM623GF" failures="0" tests="4" name="ESRS_Report.CreateUsers" time="8.313" errors="0" timestamp="2025-06-12T11:29:44 IST" skipped="0">
  <testcase classname="ESRS_Report.CreateUsers" name="createparent" time="1.927"/>
  <testcase classname="ESRS_Report.CreateUsers" name="createparententity" time="0.464"/>
  <testcase classname="ESRS_Report.CreateUsers" name="createchild" time="4.405"/>
  <testcase classname="ESRS_Report.CreateUsers" name="createchildentity" time="1.517"/>
</testsuite> <!-- ESRS_Report.CreateUsers -->
