<?xml version="1.0" encoding="UTF-8"?>
<!-- Generated by org.testng.reporters.JUnitReportReporter -->
<testsuite hostname="DESKTOP-CM623GF" failures="0" tests="5" name="ESRS_Report.Answerdatarequest" time="27.261" errors="0" timestamp="2025-06-10T15:26:49 IST" skipped="0">
  <testcase classname="ESRS_Report.Answerdatarequest" name="startchilddatacollection" time="12.858"/>
  <testcase classname="ESRS_Report.Answerdatarequest" name="completedatacollectionchild" time="0.418"/>
  <testcase classname="ESRS_Report.Answerdatarequest" name="startparentdatacollection" time="12.856"/>
  <testcase classname="ESRS_Report.Answerdatarequest" name="completedatacollectionparent" time="0.407"/>
  <testcase classname="ESRS_Report.Answerdatarequest" name="Completedatacollection" time="0.722"/>
</testsuite> <!-- ESRS_Report.Answerdatarequest -->
