<?xml version="1.0" encoding="UTF-8"?>
<!-- Generated by org.testng.reporters.JUnitReportReporter -->
<testsuite hostname="DESKTOP-CM623GF" failures="0" tests="1" name="DoubleMateriality.Startsurvery" time="0.492" errors="0" timestamp="2025-06-24T17:27:56 IST" skipped="0">
  <testcase classname="DoubleMateriality.Startsurvery" name="startsurvey" time="0.492"/>
</testsuite> <!-- DoubleMateriality.Startsurvery -->
