<?xml version="1.0" encoding="UTF-8"?>
<!-- Generated by org.testng.reporters.JUnitReportReporter -->
<testsuite hostname="DESKTOP-38Q9L5G" failures="0" tests="2" name="daato_automation_test.AcceptingSAQTest" time="65.754" errors="0" timestamp="2025-02-13T15:45:00 IST" skipped="0">
  <testcase classname="daato_automation_test.AcceptingSAQTest" name="accepting_SAQ" time="41.915"/>
  <testcase classname="daato_automation_test.AcceptingSAQTest" name="accept_Btn" time="23.839"/>
</testsuite> <!-- daato_automation_test.AcceptingSAQTest -->
