<?xml version="1.0" encoding="UTF-8"?>
<!-- Generated by org.testng.reporters.JUnitReportReporter -->
<testsuite hostname="DESKTOP-CM623GF" failures="0" tests="2" name="ESRS_Report.CreateReport" time="7.177" errors="0" timestamp="2025-06-24T16:02:23 IST" skipped="0">
  <testcase classname="ESRS_Report.CreateReport" name="createsrsreport" time="5.170"/>
  <testcase classname="ESRS_Report.CreateReport" name="waitForReportReady" time="2.007"/>
</testsuite> <!-- ESRS_Report.CreateReport -->
