<?xml version="1.0" encoding="UTF-8"?>
<!-- Generated by org.testng.reporters.JUnitReportReporter -->
<testsuite hostname="DESKTOP-CM623GF" failures="0" tests="1" name="daato_automation_test.SendCOCTest" time="66.729" errors="0" timestamp="2025-06-12T22:49:44 IST" skipped="0">
  <testcase classname="daato_automation_test.SendCOCTest" name="send_coc" time="66.729"/>
</testsuite> <!-- daato_automation_test.SendCOCTest -->
