<?xml version="1.0" encoding="UTF-8"?>
<!-- Generated by org.testng.reporters.JUnitReportReporter -->
<testsuite hostname="DESKTOP-CM623GF" failures="0" tests="2" name="EU_Taxonomy.Fillminimumsafeguard" time="23.967" errors="0" timestamp="2025-06-16T17:06:46 IST" skipped="0">
  <testcase classname="EU_Taxonomy.Fillminimumsafeguard" name="fillMS92" time="13.509"/>
  <testcase classname="EU_Taxonomy.Fillminimumsafeguard" name="fillms32" time="10.458"/>
</testsuite> <!-- EU_Taxonomy.Fillminimumsafeguard -->
