<?xml version="1.0" encoding="UTF-8"?>
<!-- Generated by org.testng.reporters.JUnitReportReporter -->
<testsuite hostname="DESKTOP-CM623GF" failures="0" tests="3" name="DoubleMateriality.ManualIROassessment" time="20.825" errors="0" timestamp="2025-06-12T18:43:08 IST" skipped="0">
  <testcase classname="DoubleMateriality.ManualIROassessment" name="createmanualassessment" time="6.687"/>
  <testcase classname="DoubleMateriality.ManualIROassessment" name="assessmanualassessment" time="6.475"/>
  <testcase classname="DoubleMateriality.ManualIROassessment" name="sendcollaborationrequest" time="7.663"/>
</testsuite> <!-- DoubleMateriality.ManualIROassessment -->
