<?xml version="1.0" encoding="UTF-8"?>
<!-- Generated by org.testng.reporters.JUnitReportReporter -->
<testsuite hostname="DESKTOP-CM623GF" failures="0" tests="2" name="DoubleMateriality.Finalreportscore" time="142.265" errors="0" timestamp="2025-05-26T16:36:49 IST" skipped="0">
  <testcase classname="DoubleMateriality.Finalreportscore" name="checkfinalreportscore" time="39.720"/>
  <testcase classname="DoubleMateriality.Finalreportscore" name="checkrankingview" time="102.545"/>
</testsuite> <!-- DoubleMateriality.Finalreportscore -->
