<?xml version="1.0" encoding="UTF-8"?>
<!-- Generated by org.testng.reporters.JUnitReportReporter -->
<testsuite hostname="DESKTOP-CM623GF" failures="0" tests="3" name="DoubleMateriality.Createstakeholder" time="2.532" errors="0" timestamp="2025-06-12T18:43:08 IST" skipped="0">
  <testcase classname="DoubleMateriality.Createstakeholder" name="createstakeholdergroup" time="0.487"/>
  <testcase classname="DoubleMateriality.Createstakeholder" name="createstake" time="0.914"/>
  <testcase classname="DoubleMateriality.Createstakeholder" name="getstakeid" time="1.131"/>
</testsuite> <!-- DoubleMateriality.Createstakeholder -->
