<?xml version="1.0" encoding="UTF-8"?>
<!-- Generated by org.testng.reporters.JUnitReportReporter -->
<testsuite hostname="DESKTOP-CM623GF" failures="0" tests="10" name="daato_automation_test.SelfAssessmentTest" time="87.706" errors="0" timestamp="2025-04-24T11:09:58 IST" skipped="9">
  <testcase classname="daato_automation_test.SelfAssessmentTest" name="General_information" time="87.706"/>
  <testcase classname="daato_automation_test.SelfAssessmentTest" name="submit_SAQ">
    <skipped/>
  </testcase> <!-- submit_SAQ -->
  <testcase classname="daato_automation_test.SelfAssessmentTest" name="add_chld_frc_hs_fa_ee_fw_lr">
    <skipped/>
  </testcase> <!-- add_chld_frc_hs_fa_ee_fw_lr -->
  <testcase classname="daato_automation_test.SelfAssessmentTest" name="add_cs_sw">
    <skipped/>
  </testcase> <!-- add_cs_sw -->
  <testcase classname="daato_automation_test.SelfAssessmentTest" name="add_environmental_performance">
    <skipped/>
  </testcase> <!-- add_environmental_performance -->
  <testcase classname="daato_automation_test.SelfAssessmentTest" name="add_governance_and">
    <skipped/>
  </testcase> <!-- add_governance_and -->
  <testcase classname="daato_automation_test.SelfAssessmentTest" name="add_policies_and_certifications">
    <skipped/>
  </testcase> <!-- add_policies_and_certifications -->
  <testcase classname="daato_automation_test.SelfAssessmentTest" name="add_policy_part_second">
    <skipped/>
  </testcase> <!-- add_policy_part_second -->
  <testcase classname="daato_automation_test.SelfAssessmentTest" name="Add_Buisness_Ethics">
    <skipped/>
  </testcase> <!-- Add_Buisness_Ethics -->
  <testcase classname="daato_automation_test.SelfAssessmentTest" name="Add_responsible_supply_chain_management">
    <skipped/>
  </testcase> <!-- Add_responsible_supply_chain_management -->
</testsuite> <!-- daato_automation_test.SelfAssessmentTest -->
