<?xml version="1.0" encoding="UTF-8"?>
<!-- Generated by org.testng.reporters.JUnitReportReporter -->
<testsuite hostname="DESKTOP-38Q9L5G" failures="0" tests="1" name="Daato_Automation_FMT.AddSupplierTest" time="50.716" errors="0" timestamp="2023-10-13T12:07:57 IST" skipped="0">
  <testcase classname="Daato_Automation_FMT.AddSupplierTest" name="add_supplier" time="50.716"/>
</testsuite> <!-- Daato_Automation_FMT.AddSupplierTest -->
