<?xml version="1.0" encoding="UTF-8"?>
<!-- Generated by org.testng.reporters.JUnitReportReporter -->
<testsuite hostname="DESKTOP-CM623GF" failures="0" tests="2" name="daato_automation_test.SelfAssessmentTest" time="58.731" errors="0" timestamp="2025-04-29T11:26:26 IST" skipped="1">
  <testcase classname="daato_automation_test.SelfAssessmentTest" name="General_information" time="58.731"/>
  <testcase classname="daato_automation_test.SelfAssessmentTest" name="add_governance_and">
    <skipped/>
  </testcase> <!-- add_governance_and -->
</testsuite> <!-- daato_automation_test.SelfAssessmentTest -->
