<?xml version="1.0" encoding="UTF-8"?>
<!-- Generated by org.testng.reporters.JUnitReportReporter -->
<testsuite hostname="DESKTOP-CM623GF" failures="0" tests="1" name="daato_automation_test.Downloadrepositoryfile" time="21.596" errors="0" timestamp="2025-04-25T12:43:16 IST" skipped="0">
  <testcase classname="daato_automation_test.Downloadrepositoryfile" name="downloadrepository" time="21.596"/>
</testsuite> <!-- daato_automation_test.Downloadrepositoryfile -->
