<?xml version="1.0" encoding="UTF-8"?>
<!-- Generated by org.testng.reporters.JUnitReportReporter -->
<testsuite hostname="DESKTOP-CM623GF" failures="0" tests="1" name="Daato_Automation.Self_Asses_BF_SAQ" time="66.188" errors="0" timestamp="2023-07-27T15:48:39 IST" skipped="0">
  <testcase classname="Daato_Automation.Self_Asses_BF_SAQ" name="self_assessment_before_saq" time="66.188"/>
  <system-out/>
</testsuite> <!-- Daato_Automation.Self_Asses_BF_SAQ -->
