<?xml version="1.0" encoding="UTF-8"?>
<!-- Generated by org.testng.reporters.JUnitReportReporter -->
<testsuite hostname="DESKTOP-CM623GF" failures="0" tests="1" name="ESRS_Report.Completefinalstep2" time="8.521" errors="0" timestamp="2025-06-09T18:17:22 IST" skipped="0">
  <testcase classname="ESRS_Report.Completefinalstep2" name="completefinalstep" time="8.521"/>
</testsuite> <!-- ESRS_Report.Completefinalstep2 -->
