<?xml version="1.0" encoding="UTF-8"?>
<!-- Generated by org.testng.reporters.JUnitReportReporter -->
<testsuite hostname="DESKTOP-CM623GF" failures="0" tests="5" name="ESRS_Report.Answerdatarequest" time="30.172" errors="0" timestamp="2025-06-24T16:02:23 IST" skipped="0">
  <testcase classname="ESRS_Report.Answerdatarequest" name="startchilddatacollection" time="14.558"/>
  <testcase classname="ESRS_Report.Answerdatarequest" name="completedatacollectionchild" time="0.303"/>
  <testcase classname="ESRS_Report.Answerdatarequest" name="startparentdatacollection" time="14.157"/>
  <testcase classname="ESRS_Report.Answerdatarequest" name="completedatacollectionparent" time="0.460"/>
  <testcase classname="ESRS_Report.Answerdatarequest" name="Completedatacollection" time="0.694"/>
</testsuite> <!-- ESRS_Report.Answerdatarequest -->
