<?xml version="1.0" encoding="UTF-8"?>
<!-- Generated by org.testng.reporters.JUnitReportReporter -->
<testsuite hostname="DESKTOP-CM623GF" failures="0" tests="1" name="EU_Taxonomy.Registerdataprovider" time="118.864" errors="0" timestamp="2025-06-27T15:17:52 IST" skipped="0">
  <testcase classname="EU_Taxonomy.Registerdataprovider" name="registerdataprovider" time="118.864"/>
</testsuite> <!-- EU_Taxonomy.Registerdataprovider -->
