<?xml version="1.0" encoding="UTF-8"?>
<!-- Generated by org.testng.reporters.JUnitReportReporter -->
<testsuite hostname="DESKTOP-CM623GF" failures="0" tests="2" name="DoubleMateriality.Acceptandfinshsurveryrequest" time="1.328" errors="0" timestamp="2025-06-10T13:22:06 IST" skipped="0">
  <testcase classname="DoubleMateriality.Acceptandfinshsurveryrequest" name="acceptsurveyrequest" time="0.880"/>
  <testcase classname="DoubleMateriality.Acceptandfinshsurveryrequest" name="fishsurvert" time="0.448"/>
</testsuite> <!-- DoubleMateriality.Acceptandfinshsurveryrequest -->
