<?xml version="1.0" encoding="UTF-8"?>
<!-- Generated by org.testng.reporters.JUnitReportReporter -->
<testsuite hostname="DESKTOP-CM623GF" failures="0" tests="1" name="daato_automation_test.SubmitCOC" time="21.931" errors="0" timestamp="2025-04-16T18:48:47 IST" skipped="0">
  <testcase classname="daato_automation_test.SubmitCOC" name="fillcoc" time="21.931"/>
</testsuite> <!-- daato_automation_test.SubmitCOC -->
