<?xml version="1.0" encoding="UTF-8"?>
<!-- Generated by org.testng.reporters.JUnitReportReporter -->
<testsuite hostname="DESKTOP-CM623GF" failures="0" tests="1" name="ESRS_Report.Completefinalstep" time="4.759" errors="0" timestamp="2025-06-05T17:23:59 IST" skipped="0">
  <testcase classname="ESRS_Report.Completefinalstep" name="completefinalstep" time="4.759"/>
</testsuite> <!-- ESRS_Report.Completefinalstep -->
