<?xml version="1.0" encoding="UTF-8"?>
<!-- Generated by org.testng.reporters.JUnitReportReporter -->
<testsuite hostname="DESKTOP-CM623GF" failures="0" tests="4" name="ESRS_Report.CreateUsers" time="9.515" errors="0" timestamp="2025-06-10T15:26:49 IST" skipped="0">
  <testcase classname="ESRS_Report.CreateUsers" name="createparent" time="1.884"/>
  <testcase classname="ESRS_Report.CreateUsers" name="createparententity" time="0.489"/>
  <testcase classname="ESRS_Report.CreateUsers" name="createchild" time="3.624"/>
  <testcase classname="ESRS_Report.CreateUsers" name="createchildentity" time="3.518"/>
</testsuite> <!-- ESRS_Report.CreateUsers -->
