<?xml version="1.0" encoding="UTF-8"?>
<!-- Generated by org.testng.reporters.JUnitReportReporter -->
<testsuite hostname="DESKTOP-CM623GF" failures="0" tests="1" name="Daato_Automation.Risk_Priority_Self_Assessment" time="35.448" errors="0" timestamp="2023-10-11T15:33:29 IST" skipped="0">
  <testcase classname="Daato_Automation.Risk_Priority_Self_Assessment" name="check_risk_priority_Self_assessment" time="35.448"/>
  <system-out/>
</testsuite> <!-- Daato_Automation.Risk_Priority_Self_Assessment -->
