<?xml version="1.0" encoding="UTF-8"?>
<!-- Generated by org.testng.reporters.JUnitReportReporter -->
<testsuite hostname="DESKTOP-CM623GF" failures="0" tests="3" name="DoubleMateriality.ManualIROassessment" time="19.286" errors="0" timestamp="2025-06-23T18:31:23 IST" skipped="0">
  <testcase classname="DoubleMateriality.ManualIROassessment" name="createmanualassessment" time="6.709"/>
  <testcase classname="DoubleMateriality.ManualIROassessment" name="assessmanualassessment" time="6.921"/>
  <testcase classname="DoubleMateriality.ManualIROassessment" name="sendcollaborationrequest" time="5.656"/>
</testsuite> <!-- DoubleMateriality.ManualIROassessment -->
