<?xml version="1.0" encoding="UTF-8"?>
<!-- Generated by org.testng.reporters.JUnitReportReporter -->
<testsuite hostname="DESKTOP-CM623GF" failures="0" tests="1" name="ESRS_UTILS.Delete_Reports" time="47.312" errors="0" timestamp="2025-05-07T15:42:48 IST" skipped="0">
  <testcase classname="ESRS_UTILS.Delete_Reports" name="deleteAllReports" time="47.312"/>
</testsuite> <!-- ESRS_UTILS.Delete_Reports -->
