<?xml version="1.0" encoding="UTF-8"?>
<!-- Generated by org.testng.reporters.JUnitReportReporter -->
<testsuite hostname="DESKTOP-CM623GF" failures="0" tests="3" name="ESRS_Report.Createentityspecificdis" time="12.400" errors="0" timestamp="2025-06-27T12:40:19 IST" skipped="0">
  <testcase classname="ESRS_Report.Createentityspecificdis" name="createentityspecificdis" time="2.058"/>
  <testcase classname="ESRS_Report.Createentityspecificdis" name="getid" time="3.601"/>
  <testcase classname="ESRS_Report.Createentityspecificdis" name="markasnonmaterialentityspecifc" time="6.741"/>
</testsuite> <!-- ESRS_Report.Createentityspecificdis -->
