<?xml version="1.0" encoding="UTF-8"?>
<!-- Generated by org.testng.reporters.JUnitReportReporter -->
<testsuite hostname="DESKTOP-CM623GF" failures="0" tests="3" name="DoubleMateriality.Createstakeholder" time="4.663" errors="0" timestamp="2025-05-26T16:36:49 IST" skipped="0">
  <testcase classname="DoubleMateriality.Createstakeholder" name="createstakeholdergroup" time="0.939"/>
  <testcase classname="DoubleMateriality.Createstakeholder" name="createstake" time="1.658"/>
  <testcase classname="DoubleMateriality.Createstakeholder" name="getstakeid" time="2.066"/>
</testsuite> <!-- DoubleMateriality.Createstakeholder -->
