<?xml version="1.0" encoding="UTF-8"?>
<!-- Generated by org.testng.reporters.JUnitReportReporter -->
<testsuite hostname="DESKTOP-CM623GF" failures="0" tests="4" name="EU_Taxonomy.Addactivity" time="4.929" errors="0" timestamp="2025-06-16T17:06:46 IST" skipped="0">
  <testcase classname="EU_Taxonomy.Addactivity" name="addactivityfirst" time="1.283"/>
  <testcase classname="EU_Taxonomy.Addactivity" name="addactivitsecond" time="0.961"/>
  <testcase classname="EU_Taxonomy.Addactivity" name="fetchidsofminsafguard" time="0.707"/>
  <testcase classname="EU_Taxonomy.Addactivity" name="fetchenvironmentreportcriteriid" time="1.978"/>
</testsuite> <!-- EU_Taxonomy.Addactivity -->
