<?xml version="1.0" encoding="UTF-8"?>
<!-- Generated by org.testng.reporters.JUnitReportReporter -->
<testsuite hostname="DESKTOP-CM623GF" failures="0" tests="2" name="DoubleMateriality.Finalreportscore" time="136.645" errors="0" timestamp="2025-06-23T18:31:23 IST" skipped="0">
  <testcase classname="DoubleMateriality.Finalreportscore" name="checkfinalreportscore" time="34.194"/>
  <testcase classname="DoubleMateriality.Finalreportscore" name="checkrankingview" time="102.451"/>
</testsuite> <!-- DoubleMateriality.Finalreportscore -->
