<?xml version="1.0" encoding="UTF-8"?>
<!-- Generated by org.testng.reporters.JUnitReportReporter -->
<testsuite hostname="DESKTOP-CM623GF" failures="0" tests="3" name="ESRS_Report.Submitdatacollectioknrequest" time="1.036" errors="0" timestamp="2025-06-05T15:30:35 IST" skipped="0">
  <testcase classname="ESRS_Report.Submitdatacollectioknrequest" name="submitchildcollectionrequest" time="0.400"/>
  <testcase classname="ESRS_Report.Submitdatacollectioknrequest" name="submitparentcollectionrequest" time="0.326"/>
  <testcase classname="ESRS_Report.Submitdatacollectioknrequest" name="completedatacollection" time="0.310"/>
</testsuite> <!-- ESRS_Report.Submitdatacollectioknrequest -->
