<?xml version="1.0" encoding="UTF-8"?>
<!-- Generated by org.testng.reporters.JUnitReportReporter -->
<testsuite hostname="DESKTOP-CM623GF" failures="0" tests="3" name="ESRS_Report.Createentityspecificdis" time="3.122" errors="0" timestamp="2025-05-14T17:21:30 IST" skipped="0">
  <testcase classname="ESRS_Report.Createentityspecificdis" name="createentityspecificdis" time="0.724"/>
  <testcase classname="ESRS_Report.Createentityspecificdis" name="getid" time="1.780"/>
  <testcase classname="ESRS_Report.Createentityspecificdis" name="markasnonmaterialentityspecifc" time="0.618"/>
</testsuite> <!-- ESRS_Report.Createentityspecificdis -->
