<?xml version="1.0" encoding="UTF-8"?>
<!-- Generated by org.testng.reporters.JUnitReportReporter -->
<testsuite hostname="DESKTOP-CM623GF" failures="0" tests="3" name="DoubleMateriality.UploadandcheckIROscore" time="121.074" errors="0" timestamp="2025-06-23T18:31:23 IST" skipped="0">
  <testcase classname="DoubleMateriality.UploadandcheckIROscore" name="uploadiro" time="35.786"/>
  <testcase classname="DoubleMateriality.UploadandcheckIROscore" name="checkiroscore" time="33.274"/>
  <testcase classname="DoubleMateriality.UploadandcheckIROscore" name="checkassedetails" time="52.014"/>
</testsuite> <!-- DoubleMateriality.UploadandcheckIROscore -->
