<?xml version="1.0" encoding="UTF-8"?>
<!-- Generated by org.testng.reporters.JUnitReportReporter -->
<testsuite hostname="DESKTOP-CM623GF" failures="0" tests="3" name="ESRS_Report.Startcollectinggovernance" time="254.841" errors="0" timestamp="2025-06-26T13:09:42 IST" skipped="0">
  <testcase classname="ESRS_Report.Startcollectinggovernance" name="getdisclousurerequirementid" time="1.879"/>
  <testcase classname="ESRS_Report.Startcollectinggovernance" name="startESRSG1BusinessConduct" time="201.126"/>
  <testcase classname="ESRS_Report.Startcollectinggovernance" name="startESRSG1BusinessConduct1" time="51.836"/>
</testsuite> <!-- ESRS_Report.Startcollectinggovernance -->
