<?xml version="1.0" encoding="UTF-8"?>
<!-- Generated by org.testng.reporters.JUnitReportReporter -->
<testsuite hostname="DESKTOP-CM623GF" failures="0" tests="2" name="ESRS_Report.ExcelDownloader" time="3.414" errors="0" timestamp="2025-06-23T18:13:43 IST" skipped="0">
  <testcase classname="ESRS_Report.ExcelDownloader" name="downloadesrsexcel" time="2.742"/>
  <testcase classname="ESRS_Report.ExcelDownloader" name="Verifyexceldata" time="0.672"/>
</testsuite> <!-- ESRS_Report.ExcelDownloader -->
