<?xml version="1.0" encoding="UTF-8"?>
<!-- Generated by org.testng.reporters.JUnitReportReporter -->
<testsuite hostname="DESKTOP-CM623GF" failures="0" tests="2" name="daato_automation_test.Checkrepositorydata" time="23.115" errors="0" timestamp="2025-04-29T11:26:26 IST" skipped="0">
  <testcase classname="daato_automation_test.Checkrepositorydata" name="GetexpectedResult" time="17.171"/>
  <testcase classname="daato_automation_test.Checkrepositorydata" name="checkacutaldata" time="5.944"/>
</testsuite> <!-- daato_automation_test.Checkrepositorydata -->
