<?xml version="1.0" encoding="UTF-8"?>
<!-- Generated by org.testng.reporters.JUnitReportReporter -->
<testsuite hostname="DESKTOP-CM623GF" failures="0" tests="4" name="DoubleMateriality.Fillandsubmitsurveryrequest" time="8.774" errors="0" timestamp="2025-05-26T16:36:49 IST" skipped="0">
  <testcase classname="DoubleMateriality.Fillandsubmitsurveryrequest" name="filldatarequest" time="5.804"/>
  <testcase classname="DoubleMateriality.Fillandsubmitsurveryrequest" name="addentityspecificdisclousre" time="0.726"/>
  <testcase classname="DoubleMateriality.Fillandsubmitsurveryrequest" name="submitrequest" time="1.351"/>
  <testcase classname="DoubleMateriality.Fillandsubmitsurveryrequest" name="getcontributorid" time="0.893"/>
</testsuite> <!-- DoubleMateriality.Fillandsubmitsurveryrequest -->
