<?xml version="1.0" encoding="UTF-8"?>
<!-- Generated by org.testng.reporters.JUnitReportReporter -->
<testsuite hostname="DESKTOP-CM623GF" failures="0" tests="1" name="Daato_Automation.Accept_CoC" time="46.412" errors="0" timestamp="2023-10-11T16:48:18 IST" skipped="0">
  <testcase classname="Daato_Automation.Accept_CoC" name="accept_CoC" time="46.412"/>
  <system-out/>
</testsuite> <!-- Daato_Automation.Accept_CoC -->
