<?xml version="1.0" encoding="UTF-8"?>
<!-- Generated by org.testng.reporters.JUnitReportReporter -->
<testsuite hostname="DESKTOP-CM623GF" failures="0" tests="2" name="daato_automation_test.SelfAssessmentTest" time="80.191" errors="0" timestamp="2025-06-12T22:49:44 IST" skipped="1">
  <testcase classname="daato_automation_test.SelfAssessmentTest" name="General_information" time="80.191"/>
  <testcase classname="daato_automation_test.SelfAssessmentTest" name="add_governance_and">
    <skipped/>
  </testcase> <!-- add_governance_and -->
</testsuite> <!-- daato_automation_test.SelfAssessmentTest -->
