<?xml version="1.0" encoding="UTF-8"?>
<!-- Generated by org.testng.reporters.JUnitReportReporter -->
<testsuite hostname="DESKTOP-CM623GF" failures="0" tests="9" name="ESRS_Report.Bulkactions" time="23.842" errors="0" timestamp="2025-05-14T17:51:19 IST" skipped="0">
  <testcase classname="ESRS_Report.Bulkactions" name="markE16voluntaryoff" time="5.149"/>
  <testcase classname="ESRS_Report.Bulkactions" name="markE17nonmaterial" time="1.450"/>
  <testcase classname="ESRS_Report.Bulkactions" name="completestep1" time="1.921"/>
  <testcase classname="ESRS_Report.Bulkactions" name="assigndatapointtoentity" time="5.391"/>
  <testcase classname="ESRS_Report.Bulkactions" name="completestep2" time="1.525"/>
  <testcase classname="ESRS_Report.Bulkactions" name="startdatacollection" time="3.875"/>
  <testcase classname="ESRS_Report.Bulkactions" name="getdatacollectionid" time="3.015"/>
  <testcase classname="ESRS_Report.Bulkactions" name="getesrsentitydatacollectionid" time="0.403"/>
  <testcase classname="ESRS_Report.Bulkactions" name="getesrsentitydatacollectionidparent" time="1.113"/>
</testsuite> <!-- ESRS_Report.Bulkactions -->
