<?xml version="1.0" encoding="UTF-8"?>
<!-- Generated by org.testng.reporters.JUnitReportReporter -->
<testsuite hostname="DESKTOP-CM623GF" failures="0" tests="1" name="daato_automation_test.RiskPrioritySelfAssessmentTest" time="42.809" errors="0" timestamp="2025-05-30T19:27:04 IST" skipped="0">
  <testcase classname="daato_automation_test.RiskPrioritySelfAssessmentTest" name="check_risk_priority_Self_assessment" time="42.809"/>
</testsuite> <!-- daato_automation_test.RiskPrioritySelfAssessmentTest -->
