<?xml version="1.0" encoding="UTF-8"?>
<!-- Generated by org.testng.reporters.JUnitReportReporter -->
<testsuite hostname="DESKTOP-38Q9L5G" failures="0" tests="1" name="Daato_Automation.Add_Supplier" time="50.178" errors="0" timestamp="2023-10-13T11:53:24 IST" skipped="0">
  <testcase classname="Daato_Automation.Add_Supplier" name="add_supplier" time="50.178"/>
</testsuite> <!-- Daato_Automation.Add_Supplier -->
