<?xml version="1.0" encoding="UTF-8"?>
<!-- Generated by org.testng.reporters.JUnitReportReporter -->
<testsuite hostname="DESKTOP-CM623GF" failures="0" tests="1" name="DoubleMateriality.Answercollabrequest" time="34.161" errors="0" timestamp="2025-06-16T15:56:55 IST" skipped="0">
  <testcase classname="DoubleMateriality.Answercollabrequest" name="answercollabrequest" time="34.161"/>
</testsuite> <!-- DoubleMateriality.Answercollabrequest -->
