<?xml version="1.0" encoding="UTF-8"?>
<!-- Generated by org.testng.reporters.JUnitReportReporter -->
<testsuite hostname="DESKTOP-CM623GF" failures="0" tests="1" name="daato_automation_test.Checkresendnotification" time="22.098" errors="0" timestamp="2025-04-28T13:29:33 IST" skipped="0">
  <testcase classname="daato_automation_test.Checkresendnotification" name="checkresendnotification" time="22.098"/>
</testsuite> <!-- daato_automation_test.Checkresendnotification -->
