<?xml version="1.0" encoding="UTF-8"?>
<!-- Generated by org.testng.reporters.JUnitReportReporter -->
<testsuite hostname="DESKTOP-CM623GF" failures="0" tests="4" name="DoubleMateriality.Fillandsubmitsurveryrequest" time="4.110" errors="0" timestamp="2025-06-16T15:56:55 IST" skipped="0">
  <testcase classname="DoubleMateriality.Fillandsubmitsurveryrequest" name="filldatarequest" time="2.329"/>
  <testcase classname="DoubleMateriality.Fillandsubmitsurveryrequest" name="addentityspecificdisclousre" time="0.310"/>
  <testcase classname="DoubleMateriality.Fillandsubmitsurveryrequest" name="submitrequest" time="0.899"/>
  <testcase classname="DoubleMateriality.Fillandsubmitsurveryrequest" name="getcontributorid" time="0.572"/>
</testsuite> <!-- DoubleMateriality.Fillandsubmitsurveryrequest -->
