<?xml version="1.0" encoding="UTF-8"?>
<!-- Generated by org.testng.reporters.JUnitReportReporter -->
<testsuite hostname="DESKTOP-CM623GF" failures="0" tests="1" name="DoubleMateriality.Checksurveryresult" time="48.119" errors="0" timestamp="2025-05-26T16:36:49 IST" skipped="0">
  <testcase classname="DoubleMateriality.Checksurveryresult" name="checksureryresult" time="48.119"/>
</testsuite> <!-- DoubleMateriality.Checksurveryresult -->
