<?xml version="1.0" encoding="UTF-8"?>
<!-- Generated by org.testng.reporters.JUnitReportReporter -->
<testsuite hostname="DESKTOP-CM623GF" failures="0" tests="4" name="EU_Taxonomy.Addactivity" time="5.106" errors="0" timestamp="2025-06-27T14:59:23 IST" skipped="0">
  <testcase classname="EU_Taxonomy.Addactivity" name="addactivityfirst" time="1.668"/>
  <testcase classname="EU_Taxonomy.Addactivity" name="addactivitsecond" time="1.093"/>
  <testcase classname="EU_Taxonomy.Addactivity" name="fetchidsofminsafguard" time="1.270"/>
  <testcase classname="EU_Taxonomy.Addactivity" name="fetchenvironmentreportcriteriid" time="1.075"/>
</testsuite> <!-- EU_Taxonomy.Addactivity -->
