<?xml version="1.0" encoding="UTF-8"?>
<!-- Generated by org.testng.reporters.JUnitReportReporter -->
<testsuite hostname="DESKTOP-CM623GF" failures="0" tests="9" name="ESRS_Report.Bulkactions" time="89.739" errors="0" timestamp="2025-06-06T15:51:23 IST" skipped="0">
  <testcase classname="ESRS_Report.Bulkactions" name="markE16voluntaryoff" time="76.793"/>
  <testcase classname="ESRS_Report.Bulkactions" name="markE17nonmaterial" time="1.379"/>
  <testcase classname="ESRS_Report.Bulkactions" name="completestep1" time="0.793"/>
  <testcase classname="ESRS_Report.Bulkactions" name="assigndatapointtoentity" time="4.197"/>
  <testcase classname="ESRS_Report.Bulkactions" name="startdatacollection" time="1.596"/>
  <testcase classname="ESRS_Report.Bulkactions" name="getdatacollectionid" time="2.820"/>
  <testcase classname="ESRS_Report.Bulkactions" name="getesrsentitydatacollectionid" time="0.765"/>
  <testcase classname="ESRS_Report.Bulkactions" name="getesrsentitydatacollectionidparent" time="0.735"/>
  <testcase classname="ESRS_Report.Bulkactions" name="completestep2" time="0.661"/>
</testsuite> <!-- ESRS_Report.Bulkactions -->
