<?xml version="1.0" encoding="UTF-8"?>
<!-- Generated by org.testng.reporters.JUnitReportReporter -->
<testsuite hostname="DESKTOP-CM623GF" failures="0" tests="1" name="DoubleMateriality.Registerstakeholder" time="44.361" errors="0" timestamp="2025-06-16T15:56:55 IST" skipped="0">
  <testcase classname="DoubleMateriality.Registerstakeholder" name="loginasstakeholder" time="44.361"/>
</testsuite> <!-- DoubleMateriality.Registerstakeholder -->
