<?xml version="1.0" encoding="UTF-8"?>
<!-- Generated by org.testng.reporters.JUnitReportReporter -->
<testsuite hostname="DESKTOP-CM623GF" failures="0" tests="2" name="EU_Taxonomy.Senddatarequest" time="9.653" errors="0" timestamp="2025-06-16T17:06:46 IST" skipped="0">
  <testcase classname="EU_Taxonomy.Senddatarequest" name="createuser" time="8.644"/>
  <testcase classname="EU_Taxonomy.Senddatarequest" name="senddatarequest" time="1.009"/>
</testsuite> <!-- EU_Taxonomy.Senddatarequest -->
