<?xml version="1.0" encoding="UTF-8"?>
<!-- Generated by org.testng.reporters.JUnitReportReporter -->
<testsuite hostname="DESKTOP-CM623GF" failures="0" tests="2" name="ESRS_Report.Registerentity" time="120.933" errors="0" timestamp="2025-06-27T17:07:30 IST" skipped="0">
  <testcase classname="ESRS_Report.Registerentity" name="registerentity" time="62.352"/>
  <testcase classname="ESRS_Report.Registerentity" name="registerparentenity" time="58.581"/>
</testsuite> <!-- ESRS_Report.Registerentity -->
