<?xml version="1.0" encoding="UTF-8"?>
<!-- Generated by org.testng.reporters.JUnitReportReporter -->
<testsuite hostname="DESKTOP-CM623GF" failures="0" tests="4" name="ESRS_Report.CreateUsers" time="10.125" errors="0" timestamp="2025-06-05T16:13:23 IST" skipped="0">
  <testcase classname="ESRS_Report.CreateUsers" name="createparent" time="1.917"/>
  <testcase classname="ESRS_Report.CreateUsers" name="createparententity" time="0.459"/>
  <testcase classname="ESRS_Report.CreateUsers" name="createchild" time="4.241"/>
  <testcase classname="ESRS_Report.CreateUsers" name="createchildentity" time="3.508"/>
</testsuite> <!-- ESRS_Report.CreateUsers -->
