<?xml version="1.0" encoding="UTF-8"?>
<!-- Generated by org.testng.reporters.JUnitReportReporter -->
<testsuite hostname="DESKTOP-CM623GF" failures="0" tests="1" name="daato_automation_test.Restassured" time="39.522" errors="0" timestamp="2025-04-16T15:11:09 IST" skipped="0">
  <testcase classname="daato_automation_test.Restassured" name="fillsaq" time="39.522"/>
</testsuite> <!-- daato_automation_test.Restassured -->
