<?xml version="1.0" encoding="UTF-8"?>
<!-- Generated by org.testng.reporters.JUnitReportReporter -->
<testsuite hostname="DESKTOP-CM623GF" failures="0" tests="2" name="ESRS_Report.Answerdatarequest" time="25.722" errors="0" timestamp="2025-05-14T17:21:30 IST" skipped="0">
  <testcase classname="ESRS_Report.Answerdatarequest" name="startchilddatacollection" time="12.980"/>
  <testcase classname="ESRS_Report.Answerdatarequest" name="startparentdatacollection" time="12.742"/>
</testsuite> <!-- ESRS_Report.Answerdatarequest -->
