<?xml version="1.0" encoding="UTF-8"?>
<!-- Generated by org.testng.reporters.JUnitReportReporter -->
<testsuite hostname="DESKTOP-CM623GF" failures="0" tests="2" name="EU_Taxonomy.Senddatarequest" time="2.572" errors="0" timestamp="2025-06-16T15:18:28 IST" skipped="0">
  <testcase classname="EU_Taxonomy.Senddatarequest" name="createuser" time="1.841"/>
  <testcase classname="EU_Taxonomy.Senddatarequest" name="senddatarequest" time="0.731"/>
</testsuite> <!-- EU_Taxonomy.Senddatarequest -->
