<?xml version="1.0" encoding="UTF-8"?>
<!-- Generated by org.testng.reporters.JUnitReportReporter -->
<testsuite hostname="DESKTOP-CM623GF" failures="0" tests="3" name="daato_automation_test.Addincident" time="39.714" errors="0" timestamp="2025-04-29T11:26:26 IST" skipped="0">
  <testcase classname="daato_automation_test.Addincident" name="Getsupplierid" time="16.965"/>
  <testcase classname="daato_automation_test.Addincident" name="addincident" time="16.975"/>
  <testcase classname="daato_automation_test.Addincident" name="checkriskafteraddingincident" time="5.774"/>
</testsuite> <!-- daato_automation_test.Addincident -->
