<?xml version="1.0" encoding="UTF-8"?>
<!-- Generated by org.testng.reporters.JUnitReportReporter -->
<testsuite hostname="DESKTOP-CM623GF" failures="0" tests="2" name="EU_Taxonomy.Fillminimumsafeguard" time="10.075" errors="0" timestamp="2025-06-18T13:51:09 IST" skipped="0">
  <testcase classname="EU_Taxonomy.Fillminimumsafeguard" name="fillMS92" time="5.385"/>
  <testcase classname="EU_Taxonomy.Fillminimumsafeguard" name="fillms32" time="4.690"/>
</testsuite> <!-- EU_Taxonomy.Fillminimumsafeguard -->
