<?xml version="1.0" encoding="UTF-8"?>
<!-- Generated by org.testng.reporters.JUnitReportReporter -->
<testsuite hostname="DESKTOP-CM623GF" failures="0" tests="3" name="ESRS_Report.Createentityspecificdis" time="11.191" errors="0" timestamp="2025-06-27T21:10:43 IST" skipped="0">
  <testcase classname="ESRS_Report.Createentityspecificdis" name="createentityspecificdis" time="1.449"/>
  <testcase classname="ESRS_Report.Createentityspecificdis" name="getid" time="2.987"/>
  <testcase classname="ESRS_Report.Createentityspecificdis" name="markasnonmaterialentityspecifc" time="6.755"/>
</testsuite> <!-- ESRS_Report.Createentityspecificdis -->
