<?xml version="1.0" encoding="UTF-8"?>
<!-- Generated by org.testng.reporters.JUnitReportReporter -->
<testsuite hostname="DESKTOP-CM623GF" failures="0" tests="1" name="DoubleMateriality.Registerstakeholder" time="44.177" errors="0" timestamp="2025-06-23T18:31:23 IST" skipped="0">
  <testcase classname="DoubleMateriality.Registerstakeholder" name="loginasstakeholder" time="44.177"/>
</testsuite> <!-- DoubleMateriality.Registerstakeholder -->
