<?xml version="1.0" encoding="UTF-8"?>
<!-- Generated by org.testng.reporters.JUnitReportReporter -->
<testsuite hostname="DESKTOP-CM623GF" failures="0" tests="1" name="ESRS_Report.Completefinalstep" time="8.491" errors="0" timestamp="2025-06-24T16:02:23 IST" skipped="0">
  <testcase classname="ESRS_Report.Completefinalstep" name="completefinalstep" time="8.491"/>
</testsuite> <!-- ESRS_Report.Completefinalstep -->
