<?xml version="1.0" encoding="UTF-8"?>
<!-- Generated by org.testng.reporters.JUnitReportReporter -->
<testsuite hostname="DESKTOP-CM623GF" failures="0" tests="1" name="daato_automation_test.SubmitSAQ" time="56.606" errors="0" timestamp="2025-04-16T22:22:35 IST" skipped="0">
  <testcase classname="daato_automation_test.SubmitSAQ" name="fillsaq" time="56.606"/>
</testsuite> <!-- daato_automation_test.SubmitSAQ -->
