<?xml version="1.0" encoding="UTF-8"?>
<!-- Generated by org.testng.reporters.JUnitReportReporter -->
<testsuite hostname="DESKTOP-CM623GF" failures="0" tests="2" name="ESRS_Report.Registerentity" time="85.166" errors="0" timestamp="2025-06-23T18:13:43 IST" skipped="0">
  <testcase classname="ESRS_Report.Registerentity" name="registerentity" time="45.476"/>
  <testcase classname="ESRS_Report.Registerentity" name="registerparentenity" time="39.690"/>
</testsuite> <!-- ESRS_Report.Registerentity -->
