<?xml version="1.0" encoding="UTF-8"?>
<!-- Generated by org.testng.reporters.JUnitReportReporter -->
<testsuite hostname="DESKTOP-CM623GF" failures="0" tests="3" name="DoubleMateriality.ManualIROassessment" time="24.507" errors="0" timestamp="2025-06-10T13:22:06 IST" skipped="0">
  <testcase classname="DoubleMateriality.ManualIROassessment" name="createmanualassessment" time="8.425"/>
  <testcase classname="DoubleMateriality.ManualIROassessment" name="assessmanualassessment" time="8.560"/>
  <testcase classname="DoubleMateriality.ManualIROassessment" name="sendcollaborationrequest" time="7.522"/>
</testsuite> <!-- DoubleMateriality.ManualIROassessment -->
