<?xml version="1.0" encoding="UTF-8"?>
<!-- Generated by org.testng.reporters.JUnitReportReporter -->
<testsuite hostname="DESKTOP-CM623GF" failures="0" tests="3" name="DoubleMateriality.UploadandcheckIROscore" time="119.494" errors="0" timestamp="2025-06-12T18:43:08 IST" skipped="0">
  <testcase classname="DoubleMateriality.UploadandcheckIROscore" name="uploadiro" time="36.332"/>
  <testcase classname="DoubleMateriality.UploadandcheckIROscore" name="checkiroscore" time="31.160"/>
  <testcase classname="DoubleMateriality.UploadandcheckIROscore" name="checkassedetails" time="52.002"/>
</testsuite> <!-- DoubleMateriality.UploadandcheckIROscore -->
