<?xml version="1.0" encoding="UTF-8"?>
<!-- Generated by org.testng.reporters.JUnitReportReporter -->
<testsuite hostname="DESKTOP-CM623GF" failures="0" tests="4" name="ESRS_Report.CreateUsers" time="46.344" errors="0" timestamp="2025-06-27T21:10:43 IST" skipped="0">
  <testcase classname="ESRS_Report.CreateUsers" name="createparent" time="2.846"/>
  <testcase classname="ESRS_Report.CreateUsers" name="createparententity" time="11.269"/>
  <testcase classname="ESRS_Report.CreateUsers" name="createchild" time="30.093"/>
  <testcase classname="ESRS_Report.CreateUsers" name="createchildentity" time="2.136"/>
</testsuite> <!-- ESRS_Report.CreateUsers -->
