<?xml version="1.0" encoding="UTF-8"?>
<!-- Generated by org.testng.reporters.JUnitReportReporter -->
<testsuite hostname="DESKTOP-CM623GF" failures="0" tests="3" name="DoubleMateriality.Createstakeholder" time="2.696" errors="0" timestamp="2025-06-24T17:27:56 IST" skipped="0">
  <testcase classname="DoubleMateriality.Createstakeholder" name="createstakeholdergroup" time="0.543"/>
  <testcase classname="DoubleMateriality.Createstakeholder" name="createstake" time="1.093"/>
  <testcase classname="DoubleMateriality.Createstakeholder" name="getstakeid" time="1.060"/>
</testsuite> <!-- DoubleMateriality.Createstakeholder -->
