<?xml version="1.0" encoding="UTF-8"?>
<!-- Generated by org.testng.reporters.JUnitReportReporter -->
<testsuite hostname="DESKTOP-CM623GF" failures="0" tests="2" name="daato_automation_test.Checkrepositorydata" time="29.818" errors="0" timestamp="2025-06-16T15:47:20 IST" skipped="0">
  <testcase classname="daato_automation_test.Checkrepositorydata" name="GetexpectedResult" time="23.005"/>
  <testcase classname="daato_automation_test.Checkrepositorydata" name="checkacutaldata" time="6.813"/>
</testsuite> <!-- daato_automation_test.Checkrepositorydata -->
