<?xml version="1.0" encoding="UTF-8"?>
<!-- Generated by org.testng.reporters.JUnitReportReporter -->
<testsuite hostname="DESKTOP-CM623GF" failures="0" tests="2" name="daato_automation_test.Checkrepositorydata" time="32.010" errors="0" timestamp="2025-05-30T18:55:22 IST" skipped="0">
  <testcase classname="daato_automation_test.Checkrepositorydata" name="GetexpectedResult" time="25.724"/>
  <testcase classname="daato_automation_test.Checkrepositorydata" name="checkacutaldata" time="6.286"/>
</testsuite> <!-- daato_automation_test.Checkrepositorydata -->
