<?xml version="1.0" encoding="UTF-8"?>
<!-- Generated by org.testng.reporters.JUnitReportReporter -->
<testsuite hostname="DESKTOP-CM623GF" failures="0" tests="1" name="DoubleMateriality.Checkmanualscore" time="47.263" errors="0" timestamp="2025-05-26T16:36:49 IST" skipped="0">
  <testcase classname="DoubleMateriality.Checkmanualscore" name="checkmaualscore" time="47.263"/>
</testsuite> <!-- DoubleMateriality.Checkmanualscore -->
