<?xml version="1.0" encoding="UTF-8"?>
<!-- Generated by org.testng.reporters.JUnitReportReporter -->
<testsuite hostname="DESKTOP-CM623GF" failures="0" tests="2" name="EU_Taxonomy.Alignactivity" time="24.730" errors="0" timestamp="2025-06-18T13:51:09 IST" skipped="0">
  <testcase classname="EU_Taxonomy.Alignactivity" name="alignactivity32" time="15.044"/>
  <testcase classname="EU_Taxonomy.Alignactivity" name="alignactivity92" time="9.686"/>
</testsuite> <!-- EU_Taxonomy.Alignactivity -->
