<?xml version="1.0" encoding="UTF-8"?>
<!-- Generated by org.testng.reporters.JUnitReportReporter -->
<testsuite hostname="DESKTOP-CM623GF" failures="0" tests="9" name="ESRS_Report.Bulkactions" time="134.854" errors="0" timestamp="2025-06-09T13:37:19 IST" skipped="0">
  <testcase classname="ESRS_Report.Bulkactions" name="markE16voluntaryoff" time="124.417"/>
  <testcase classname="ESRS_Report.Bulkactions" name="markE17nonmaterial" time="0.616"/>
  <testcase classname="ESRS_Report.Bulkactions" name="completestep1" time="0.399"/>
  <testcase classname="ESRS_Report.Bulkactions" name="assigndatapointtoentity" time="4.290"/>
  <testcase classname="ESRS_Report.Bulkactions" name="startdatacollection" time="1.578"/>
  <testcase classname="ESRS_Report.Bulkactions" name="getdatacollectionid" time="1.849"/>
  <testcase classname="ESRS_Report.Bulkactions" name="getesrsentitydatacollectionid" time="0.917"/>
  <testcase classname="ESRS_Report.Bulkactions" name="getesrsentitydatacollectionidparent" time="0.523"/>
  <testcase classname="ESRS_Report.Bulkactions" name="completestep2" time="0.265"/>
</testsuite> <!-- ESRS_Report.Bulkactions -->
