<?xml version="1.0" encoding="UTF-8"?>
<!-- Generated by org.testng.reporters.JUnitReportReporter -->
<testsuite hostname="DESKTOP-CM623GF" failures="0" tests="3" name="DoubleMateriality.Createstakeholder" time="2.695" errors="0" timestamp="2025-06-10T12:29:40 IST" skipped="0">
  <testcase classname="DoubleMateriality.Createstakeholder" name="createstakeholdergroup" time="0.518"/>
  <testcase classname="DoubleMateriality.Createstakeholder" name="createstake" time="1.090"/>
  <testcase classname="DoubleMateriality.Createstakeholder" name="getstakeid" time="1.087"/>
</testsuite> <!-- DoubleMateriality.Createstakeholder -->
