<?xml version="1.0" encoding="UTF-8"?>
<!-- Generated by org.testng.reporters.JUnitReportReporter -->
<testsuite hostname="DESKTOP-CM623GF" failures="0" tests="3" name="DoubleMateriality.UploadandcheckIROscore" time="124.894" errors="0" timestamp="2025-05-26T16:36:49 IST" skipped="0">
  <testcase classname="DoubleMateriality.UploadandcheckIROscore" name="uploadiro" time="38.500"/>
  <testcase classname="DoubleMateriality.UploadandcheckIROscore" name="checkiroscore" time="35.781"/>
  <testcase classname="DoubleMateriality.UploadandcheckIROscore" name="checkassedetails" time="50.613"/>
</testsuite> <!-- DoubleMateriality.UploadandcheckIROscore -->
