<?xml version="1.0" encoding="UTF-8"?>
<!-- Generated by org.testng.reporters.JUnitReportReporter -->
<testsuite hostname="DESKTOP-CM623GF" failures="0" tests="1" name="Daato_Automation.Send_CoC" time="30.161" errors="0" timestamp="2023-10-11T16:26:15 IST" skipped="0">
  <testcase classname="Daato_Automation.Send_CoC" name="send_coc" time="30.161"/>
  <system-out/>
</testsuite> <!-- Daato_Automation.Send_CoC -->
