<?xml version="1.0" encoding="UTF-8"?>
<!-- Generated by org.testng.reporters.JUnitReportReporter -->
<testsuite hostname="DESKTOP-CM623GF" failures="0" tests="5" name="ESRS_Report.Answerdatarequest" time="27.835" errors="0" timestamp="2025-06-12T11:29:44 IST" skipped="0">
  <testcase classname="ESRS_Report.Answerdatarequest" name="startchilddatacollection" time="12.542"/>
  <testcase classname="ESRS_Report.Answerdatarequest" name="completedatacollectionchild" time="0.401"/>
  <testcase classname="ESRS_Report.Answerdatarequest" name="startparentdatacollection" time="13.958"/>
  <testcase classname="ESRS_Report.Answerdatarequest" name="completedatacollectionparent" time="0.274"/>
  <testcase classname="ESRS_Report.Answerdatarequest" name="Completedatacollection" time="0.660"/>
</testsuite> <!-- ESRS_Report.Answerdatarequest -->
