<?xml version="1.0" encoding="UTF-8"?>
<!-- Generated by org.testng.reporters.JUnitReportReporter -->
<testsuite hostname="DESKTOP-CM623GF" failures="0" tests="3" name="daato_automation_test.Addincident" time="41.739" errors="0" timestamp="2025-05-12T15:27:06 IST" skipped="0">
  <testcase classname="daato_automation_test.Addincident" name="Getsupplierid" time="17.857"/>
  <testcase classname="daato_automation_test.Addincident" name="addincident" time="18.144"/>
  <testcase classname="daato_automation_test.Addincident" name="checkriskafteraddingincident" time="5.738"/>
</testsuite> <!-- daato_automation_test.Addincident -->
