<?xml version="1.0" encoding="UTF-8"?>
<!-- Generated by org.testng.reporters.JUnitReportReporter -->
<testsuite hostname="DESKTOP-CM623GF" failures="0" tests="2" name="ESRS_Report.Registerentity" time="81.868" errors="0" timestamp="2025-06-10T11:32:38 IST" skipped="0">
  <testcase classname="ESRS_Report.Registerentity" name="registerentity" time="42.468"/>
  <testcase classname="ESRS_Report.Registerentity" name="registerparentenity" time="39.400"/>
</testsuite> <!-- ESRS_Report.Registerentity -->
