<?xml version="1.0" encoding="UTF-8"?>
<!-- Generated by org.testng.reporters.JUnitReportReporter -->
<testsuite hostname="DESKTOP-CM623GF" failures="0" tests="1" name="DoubleMateriality.Checkmanualscore" time="52.020" errors="0" timestamp="2025-06-10T13:22:06 IST" skipped="0">
  <testcase classname="DoubleMateriality.Checkmanualscore" name="checkmaualscore" time="52.020"/>
</testsuite> <!-- DoubleMateriality.Checkmanualscore -->
