<?xml version="1.0" encoding="UTF-8"?>
<!-- Generated by org.testng.reporters.JUnitReportReporter -->
<testsuite hostname="DESKTOP-CM623GF" failures="0" tests="2" name="ESRS_Report.Generaldisclosures" time="413.398" errors="0" timestamp="2025-06-27T21:10:43 IST" skipped="0">
  <testcase classname="ESRS_Report.Generaldisclosures" name="getdisclousurerequirementid" time="2.547"/>
  <testcase classname="ESRS_Report.Generaldisclosures" name="startESRSG1BusinessConduct1" time="410.851"/>
</testsuite> <!-- ESRS_Report.Generaldisclosures -->
