<?xml version="1.0" encoding="UTF-8"?>
<!-- Generated by org.testng.reporters.JUnitReportReporter -->
<testsuite hostname="DESKTOP-CM623GF" failures="0" tests="3" name="ESRS_Report.Createentityspecificdis" time="14.032" errors="0" timestamp="2025-06-27T17:07:30 IST" skipped="0">
  <testcase classname="ESRS_Report.Createentityspecificdis" name="createentityspecificdis" time="1.833"/>
  <testcase classname="ESRS_Report.Createentityspecificdis" name="getid" time="4.044"/>
  <testcase classname="ESRS_Report.Createentityspecificdis" name="markasnonmaterialentityspecifc" time="8.155"/>
</testsuite> <!-- ESRS_Report.Createentityspecificdis -->
