<?xml version="1.0" encoding="UTF-8"?>
<!-- Generated by org.testng.reporters.JUnitReportReporter -->
<testsuite hostname="DESKTOP-CM623GF" failures="0" tests="2" name="daato_automation_test.Acceptsaqandcoc" time="40.851" errors="0" timestamp="2025-05-12T15:27:06 IST" skipped="0">
  <testcase classname="daato_automation_test.Acceptsaqandcoc" name="getadmintoken" time="18.280"/>
  <testcase classname="daato_automation_test.Acceptsaqandcoc" name="acceptsaqandcoc" time="22.571"/>
</testsuite> <!-- daato_automation_test.Acceptsaqandcoc -->
