<?xml version="1.0" encoding="UTF-8"?>
<!-- Generated by org.testng.reporters.JUnitReportReporter -->
<testsuite hostname="DESKTOP-CM623GF" failures="0" tests="3" name="DoubleMateriality.UploadandcheckIROscore" time="128.773" errors="0" timestamp="2025-06-10T13:22:06 IST" skipped="0">
  <testcase classname="DoubleMateriality.UploadandcheckIROscore" name="uploadiro" time="39.570"/>
  <testcase classname="DoubleMateriality.UploadandcheckIROscore" name="checkiroscore" time="37.327"/>
  <testcase classname="DoubleMateriality.UploadandcheckIROscore" name="checkassedetails" time="51.876"/>
</testsuite> <!-- DoubleMateriality.UploadandcheckIROscore -->
