<?xml version="1.0" encoding="UTF-8"?>
<!-- Generated by org.testng.reporters.JUnitReportReporter -->
<testsuite hostname="DESKTOP-CM623GF" failures="0" tests="3" name="DoubleMateriality.UploadandcheckIROscore" time="123.630" errors="0" timestamp="2025-06-10T12:29:40 IST" skipped="0">
  <testcase classname="DoubleMateriality.UploadandcheckIROscore" name="uploadiro" time="38.855"/>
  <testcase classname="DoubleMateriality.UploadandcheckIROscore" name="checkiroscore" time="32.768"/>
  <testcase classname="DoubleMateriality.UploadandcheckIROscore" name="checkassedetails" time="52.007"/>
</testsuite> <!-- DoubleMateriality.UploadandcheckIROscore -->
