<?xml version="1.0" encoding="UTF-8"?>
<!-- Generated by org.testng.reporters.JUnitReportReporter -->
<testsuite hostname="DESKTOP-CM623GF" failures="0" tests="4" name="EU_Taxonomy.Addactivity" time="2.602" errors="0" timestamp="2025-06-17T14:55:59 IST" skipped="0">
  <testcase classname="EU_Taxonomy.Addactivity" name="addactivityfirst" time="0.601"/>
  <testcase classname="EU_Taxonomy.Addactivity" name="addactivitsecond" time="0.504"/>
  <testcase classname="EU_Taxonomy.Addactivity" name="fetchidsofminsafguard" time="0.777"/>
  <testcase classname="EU_Taxonomy.Addactivity" name="fetchenvironmentreportcriteriid" time="0.720"/>
</testsuite> <!-- EU_Taxonomy.Addactivity -->
