<?xml version="1.0" encoding="UTF-8"?>
<!-- Generated by org.testng.reporters.JUnitReportReporter -->
<testsuite hostname="DESKTOP-CM623GF" failures="0" tests="2" name="DoubleMateriality.Finalreportscore" time="132.775" errors="0" timestamp="2025-06-16T15:56:55 IST" skipped="0">
  <testcase classname="DoubleMateriality.Finalreportscore" name="checkfinalreportscore" time="35.194"/>
  <testcase classname="DoubleMateriality.Finalreportscore" name="checkrankingview" time="97.581"/>
</testsuite> <!-- DoubleMateriality.Finalreportscore -->
