<?xml version="1.0" encoding="UTF-8"?>
<!-- Generated by org.testng.reporters.JUnitReportReporter -->
<testsuite hostname="DESKTOP-CM623GF" failures="0" tests="9" name="ESRS_Report.Bulkactions" time="82.453" errors="0" timestamp="2025-06-12T13:06:49 IST" skipped="0">
  <testcase classname="ESRS_Report.Bulkactions" name="markE16voluntaryoff" time="70.775"/>
  <testcase classname="ESRS_Report.Bulkactions" name="markE17nonmaterial" time="0.692"/>
  <testcase classname="ESRS_Report.Bulkactions" name="completestep1" time="0.408"/>
  <testcase classname="ESRS_Report.Bulkactions" name="assigndatapointtoentity" time="5.448"/>
  <testcase classname="ESRS_Report.Bulkactions" name="startdatacollection" time="1.860"/>
  <testcase classname="ESRS_Report.Bulkactions" name="getdatacollectionid" time="1.713"/>
  <testcase classname="ESRS_Report.Bulkactions" name="getesrsentitydatacollectionid" time="0.594"/>
  <testcase classname="ESRS_Report.Bulkactions" name="getesrsentitydatacollectionidparent" time="0.486"/>
  <testcase classname="ESRS_Report.Bulkactions" name="completestep2" time="0.477"/>
</testsuite> <!-- ESRS_Report.Bulkactions -->
