<?xml version="1.0" encoding="UTF-8"?>
<!-- Generated by org.testng.reporters.JUnitReportReporter -->
<testsuite hostname="DESKTOP-CM623GF" failures="0" tests="5" name="ESRS_Report.Answerdatarequest" time="56.767" errors="0" timestamp="2025-06-27T17:07:30 IST" skipped="0">
  <testcase classname="ESRS_Report.Answerdatarequest" name="startchilddatacollection" time="27.984"/>
  <testcase classname="ESRS_Report.Answerdatarequest" name="completedatacollectionchild" time="0.955"/>
  <testcase classname="ESRS_Report.Answerdatarequest" name="startparentdatacollection" time="26.076"/>
  <testcase classname="ESRS_Report.Answerdatarequest" name="completedatacollectionparent" time="0.962"/>
  <testcase classname="ESRS_Report.Answerdatarequest" name="Completedatacollection" time="0.790"/>
</testsuite> <!-- ESRS_Report.Answerdatarequest -->
