<?xml version="1.0" encoding="UTF-8"?>
<!-- Generated by org.testng.reporters.JUnitReportReporter -->
<testsuite hostname="DESKTOP-CM623GF" failures="0" tests="4" name="ESRS_Report.CreateUsers" time="41.370" errors="0" timestamp="2025-05-14T17:21:30 IST" skipped="0">
  <testcase classname="ESRS_Report.CreateUsers" name="createparent" time="2.016"/>
  <testcase classname="ESRS_Report.CreateUsers" name="createparententity" time="0.474"/>
  <testcase classname="ESRS_Report.CreateUsers" name="createchild" time="34.873"/>
  <testcase classname="ESRS_Report.CreateUsers" name="createchildentity" time="4.007"/>
</testsuite> <!-- ESRS_Report.CreateUsers -->
