<?xml version="1.0" encoding="UTF-8"?>
<!-- Generated by org.testng.reporters.JUnitReportReporter -->
<testsuite hostname="DESKTOP-CM623GF" failures="0" tests="9" name="ESRS_Report.Bulkactions" time="11.514" errors="0" timestamp="2025-06-04T11:26:07 IST" skipped="0">
  <testcase classname="ESRS_Report.Bulkactions" name="markE16voluntaryoff" time="2.903"/>
  <testcase classname="ESRS_Report.Bulkactions" name="markE17nonmaterial" time="0.623"/>
  <testcase classname="ESRS_Report.Bulkactions" name="completestep1" time="0.391"/>
  <testcase classname="ESRS_Report.Bulkactions" name="assigndatapointtoentity" time="2.891"/>
  <testcase classname="ESRS_Report.Bulkactions" name="completestep2" time="0.398"/>
  <testcase classname="ESRS_Report.Bulkactions" name="startdatacollection" time="1.441"/>
  <testcase classname="ESRS_Report.Bulkactions" name="getdatacollectionid" time="1.947"/>
  <testcase classname="ESRS_Report.Bulkactions" name="getesrsentitydatacollectionid" time="0.466"/>
  <testcase classname="ESRS_Report.Bulkactions" name="getesrsentitydatacollectionidparent" time="0.454"/>
</testsuite> <!-- ESRS_Report.Bulkactions -->
