<?xml version="1.0" encoding="UTF-8"?>
<!-- Generated by org.testng.reporters.JUnitReportReporter -->
<testsuite hostname="DESKTOP-CM623GF" failures="0" tests="2" name="DoubleMateriality.DownloadDMxlsx" time="2.847" errors="0" timestamp="2025-06-12T18:43:08 IST" skipped="0">
  <testcase classname="DoubleMateriality.DownloadDMxlsx" name="downloadrepository" time="1.790"/>
  <testcase classname="DoubleMateriality.DownloadDMxlsx" name="checklatestfiledata" time="1.057"/>
</testsuite> <!-- DoubleMateriality.DownloadDMxlsx -->
