<?xml version="1.0" encoding="UTF-8"?>
<!-- Generated by org.testng.reporters.JUnitReportReporter -->
<testsuite hostname="DESKTOP-38Q9L5G" failures="0" tests="2" name="Daato_Automation.Self_Assessment_SAQ" time="78.964" errors="0" timestamp="2023-10-13T15:39:38 IST" skipped="0">
  <testcase classname="Daato_Automation.Self_Assessment_SAQ" name="self_assessment_before_saq" time="36.512"/>
  <testcase classname="Daato_Automation.Self_Assessment_SAQ" name="sendSAQ" time="42.452"/>
</testsuite> <!-- Daato_Automation.Self_Assessment_SAQ -->
