<?xml version="1.0" encoding="UTF-8"?>
<!-- Generated by org.testng.reporters.JUnitReportReporter -->
<testsuite hostname="DESKTOP-CM623GF" failures="0" tests="2" name="DoubleMateriality.Acceptandfinshsurveryrequest" time="1.185" errors="0" timestamp="2025-06-12T18:43:08 IST" skipped="0">
  <testcase classname="DoubleMateriality.Acceptandfinshsurveryrequest" name="acceptsurveyrequest" time="0.811"/>
  <testcase classname="DoubleMateriality.Acceptandfinshsurveryrequest" name="fishsurvert" time="0.374"/>
</testsuite> <!-- DoubleMateriality.Acceptandfinshsurveryrequest -->
