<?xml version="1.0" encoding="UTF-8"?>
<!-- Generated by org.testng.reporters.JUnitReportReporter -->
<testsuite hostname="DESKTOP-CM623GF" failures="0" tests="5" name="ESRS_Report.Answerdatarequest" time="58.673" errors="0" timestamp="2025-06-27T12:40:19 IST" skipped="0">
  <testcase classname="ESRS_Report.Answerdatarequest" name="startchilddatacollection" time="30.996"/>
  <testcase classname="ESRS_Report.Answerdatarequest" name="completedatacollectionchild" time="0.693"/>
  <testcase classname="ESRS_Report.Answerdatarequest" name="startparentdatacollection" time="24.901"/>
  <testcase classname="ESRS_Report.Answerdatarequest" name="completedatacollectionparent" time="1.274"/>
  <testcase classname="ESRS_Report.Answerdatarequest" name="Completedatacollection" time="0.809"/>
</testsuite> <!-- ESRS_Report.Answerdatarequest -->
