<?xml version="1.0" encoding="UTF-8"?>
<!-- Generated by org.testng.reporters.JUnitReportReporter -->
<testsuite hostname="DESKTOP-CM623GF" failures="0" tests="2" name="ESRS_Report.ExcelDownloader" time="3.123" errors="0" timestamp="2025-06-12T11:29:44 IST" skipped="0">
  <testcase classname="ESRS_Report.ExcelDownloader" name="downloadesrsexcel" time="2.452"/>
  <testcase classname="ESRS_Report.ExcelDownloader" name="Verifyexceldata" time="0.671"/>
</testsuite> <!-- ESRS_Report.ExcelDownloader -->
