<?xml version="1.0" encoding="UTF-8"?>
<!-- Generated by org.testng.reporters.JUnitReportReporter -->
<testsuite hostname="DESKTOP-CM623GF" failures="0" tests="1" name="Daato_Automation.Testabhay" time="8.133" errors="0" timestamp="2023-07-24T10:29:22 IST" skipped="0">
  <testcase classname="Daato_Automation.Testabhay" name="Testabh" time="8.133"/>
  <system-out/>
</testsuite> <!-- Daato_Automation.Testabhay -->
