<?xml version="1.0" encoding="UTF-8"?>
<!-- Generated by org.testng.reporters.JUnitReportReporter -->
<testsuite hostname="DESKTOP-CM623GF" failures="0" tests="3" name="DoubleMateriality.ManualIROassessment" time="23.123" errors="0" timestamp="2025-05-26T16:36:49 IST" skipped="0">
  <testcase classname="DoubleMateriality.ManualIROassessment" name="createmanualassessment" time="7.522"/>
  <testcase classname="DoubleMateriality.ManualIROassessment" name="assessmanualassessment" time="9.154"/>
  <testcase classname="DoubleMateriality.ManualIROassessment" name="sendcollaborationrequest" time="6.447"/>
</testsuite> <!-- DoubleMateriality.ManualIROassessment -->
