<?xml version="1.0" encoding="UTF-8"?>
<!-- Generated by org.testng.reporters.JUnitReportReporter -->
<testsuite hostname="DESKTOP-CM623GF" failures="0" tests="4" name="ESRS_Report.CreateUsers" time="7.674" errors="0" timestamp="2025-06-23T18:13:43 IST" skipped="0">
  <testcase classname="ESRS_Report.CreateUsers" name="createparent" time="1.861"/>
  <testcase classname="ESRS_Report.CreateUsers" name="createparententity" time="0.488"/>
  <testcase classname="ESRS_Report.CreateUsers" name="createchild" time="3.814"/>
  <testcase classname="ESRS_Report.CreateUsers" name="createchildentity" time="1.511"/>
</testsuite> <!-- ESRS_Report.CreateUsers -->
