<?xml version="1.0" encoding="UTF-8"?>
<!-- Generated by org.testng.reporters.JUnitReportReporter -->
<testsuite hostname="DESKTOP-CM623GF" failures="0" tests="3" name="DoubleMateriality.CreateDMreport" time="3.759" errors="0" timestamp="2025-06-23T18:31:23 IST" skipped="0">
  <testcase classname="DoubleMateriality.CreateDMreport" name="createreport" time="0.873"/>
  <testcase classname="DoubleMateriality.CreateDMreport" name="markTopicNonmaterial" time="2.492"/>
  <testcase classname="DoubleMateriality.CreateDMreport" name="checkresponseaftermarkingasnonmaterial" time="0.394"/>
</testsuite> <!-- DoubleMateriality.CreateDMreport -->
