<?xml version="1.0" encoding="UTF-8"?>
<!-- Generated by org.testng.reporters.JUnitReportReporter -->
<testsuite hostname="DESKTOP-CM623GF" failures="0" tests="5" name="ESRS_Report.Checkaggregateresult" time="56.473" errors="0" timestamp="2025-06-12T11:29:44 IST" skipped="0">
  <testcase classname="ESRS_Report.Checkaggregateresult" name="checkaggregatedresultv5E152" time="1.900"/>
  <testcase classname="ESRS_Report.Checkaggregateresult" name="checkaggregatedv5E154" time="1.860"/>
  <testcase classname="ESRS_Report.Checkaggregateresult" name="getdisclousurerequirementid" time="1.708"/>
  <testcase classname="ESRS_Report.Checkaggregateresult" name="completeindividualdatapoints" time="50.726"/>
  <testcase classname="ESRS_Report.Checkaggregateresult" name="completestep3" time="0.279"/>
</testsuite> <!-- ESRS_Report.Checkaggregateresult -->
