<?xml version="1.0" encoding="UTF-8"?>
<!-- Generated by org.testng.reporters.JUnitReportReporter -->
<testsuite hostname="DESKTOP-CM623GF" failures="0" tests="2" name="ESRS_Report.CreateReport" time="5.859" errors="0" timestamp="2025-06-10T11:32:38 IST" skipped="0">
  <testcase classname="ESRS_Report.CreateReport" name="createsrsreport" time="3.999"/>
  <testcase classname="ESRS_Report.CreateReport" name="waitForReportReady" time="1.860"/>
</testsuite> <!-- ESRS_Report.CreateReport -->
