<?xml version="1.0" encoding="UTF-8"?>
<!-- Generated by org.testng.reporters.JUnitReportReporter -->
<testsuite hostname="DESKTOP-CM623GF" failures="0" tests="9" name="ESRS_Report.Bulkactions" time="67.916" errors="0" timestamp="2025-06-23T18:13:43 IST" skipped="0">
  <testcase classname="ESRS_Report.Bulkactions" name="markE16voluntaryoff" time="56.514"/>
  <testcase classname="ESRS_Report.Bulkactions" name="markE17nonmaterial" time="0.620"/>
  <testcase classname="ESRS_Report.Bulkactions" name="completestep1" time="0.417"/>
  <testcase classname="ESRS_Report.Bulkactions" name="assigndatapointtoentity" time="4.700"/>
  <testcase classname="ESRS_Report.Bulkactions" name="startdatacollection" time="2.228"/>
  <testcase classname="ESRS_Report.Bulkactions" name="getdatacollectionid" time="1.849"/>
  <testcase classname="ESRS_Report.Bulkactions" name="getesrsentitydatacollectionid" time="0.507"/>
  <testcase classname="ESRS_Report.Bulkactions" name="getesrsentitydatacollectionidparent" time="0.534"/>
  <testcase classname="ESRS_Report.Bulkactions" name="completestep2" time="0.547"/>
</testsuite> <!-- ESRS_Report.Bulkactions -->
