<?xml version="1.0" encoding="UTF-8"?>
<!-- Generated by org.testng.reporters.JUnitReportReporter -->
<testsuite hostname="DESKTOP-CM623GF" failures="0" tests="4" name="EU_Taxonomy.Addfinancialdata" time="3.581" errors="0" timestamp="2025-06-17T14:55:59 IST" skipped="0">
  <testcase classname="EU_Taxonomy.Addfinancialdata" name="Updatestatus" time="0.423"/>
  <testcase classname="EU_Taxonomy.Addfinancialdata" name="addfinancialdata" time="1.030"/>
  <testcase classname="EU_Taxonomy.Addfinancialdata" name="addfinancialdata92" time="1.164"/>
  <testcase classname="EU_Taxonomy.Addfinancialdata" name="addfinancialdata32" time="0.964"/>
</testsuite> <!-- EU_Taxonomy.Addfinancialdata -->
