<?xml version="1.0" encoding="UTF-8"?>
<!-- Generated by org.testng.reporters.JUnitReportReporter -->
<testsuite hostname="DESKTOP-CM623GF" failures="0" tests="4" name="ESRS_Report.Checkaggregateresult" time="7.336" errors="0" timestamp="2025-06-04T11:30:17 IST" skipped="0">
  <testcase classname="ESRS_Report.Checkaggregateresult" name="checkaggregatedresultv5E152" time="2.846"/>
  <testcase classname="ESRS_Report.Checkaggregateresult" name="checkaggregatedv5E154" time="2.125"/>
  <testcase classname="ESRS_Report.Checkaggregateresult" name="getdisclousurerequirementid" time="2.090"/>
  <testcase classname="ESRS_Report.Checkaggregateresult" name="completestep3" time="0.275"/>
</testsuite> <!-- ESRS_Report.Checkaggregateresult -->
