<?xml version="1.0" encoding="UTF-8"?>
<!-- Generated by org.testng.reporters.JUnitReportReporter -->
<testsuite hostname="DESKTOP-CM623GF" failures="0" tests="2" name="ESRS_Report.Registerentity" time="88.724" errors="0" timestamp="2025-05-14T17:21:30 IST" skipped="0">
  <testcase classname="ESRS_Report.Registerentity" name="registerentity" time="45.813"/>
  <testcase classname="ESRS_Report.Registerentity" name="registerparentenity" time="42.911"/>
</testsuite> <!-- ESRS_Report.Registerentity -->
