<?xml version="1.0" encoding="UTF-8"?>
<!-- Generated by org.testng.reporters.JUnitReportReporter -->
<testsuite hostname="DESKTOP-CM623GF" failures="0" tests="4" name="DoubleMateriality.Fillandsubmitsurveryrequest" time="7.221" errors="0" timestamp="2025-06-10T12:29:40 IST" skipped="0">
  <testcase classname="DoubleMateriality.Fillandsubmitsurveryrequest" name="filldatarequest" time="3.394"/>
  <testcase classname="DoubleMateriality.Fillandsubmitsurveryrequest" name="addentityspecificdisclousre" time="0.447"/>
  <testcase classname="DoubleMateriality.Fillandsubmitsurveryrequest" name="submitrequest" time="1.184"/>
  <testcase classname="DoubleMateriality.Fillandsubmitsurveryrequest" name="getcontributorid" time="2.196"/>
</testsuite> <!-- DoubleMateriality.Fillandsubmitsurveryrequest -->
