<?xml version="1.0" encoding="UTF-8"?>
<!-- Generated by org.testng.reporters.JUnitReportReporter -->
<testsuite hostname="DESKTOP-CM623GF" failures="0" tests="1" name="daato_automation_test.SubmitSAandCOC" time="44.464" errors="0" timestamp="2025-05-12T15:27:06 IST" skipped="0">
  <testcase classname="daato_automation_test.SubmitSAandCOC" name="fillsaq" time="44.464"/>
</testsuite> <!-- daato_automation_test.SubmitSAandCOC -->
