<?xml version="1.0" encoding="UTF-8"?>
<!-- Generated by org.testng.reporters.JUnitReportReporter -->
<testsuite hostname="DESKTOP-CM623GF" failures="0" tests="5" name="ESRS_Report.Answerdatarequest" time="27.664" errors="0" timestamp="2025-06-05T16:13:23 IST" skipped="0">
  <testcase classname="ESRS_Report.Answerdatarequest" name="startchilddatacollection" time="13.525"/>
  <testcase classname="ESRS_Report.Answerdatarequest" name="completedatacollectionchild" time="0.469"/>
  <testcase classname="ESRS_Report.Answerdatarequest" name="startparentdatacollection" time="12.822"/>
  <testcase classname="ESRS_Report.Answerdatarequest" name="completedatacollectionparent" time="0.291"/>
  <testcase classname="ESRS_Report.Answerdatarequest" name="Completedatacollection" time="0.557"/>
</testsuite> <!-- ESRS_Report.Answerdatarequest -->
