<?xml version="1.0" encoding="UTF-8"?>
<!-- Generated by org.testng.reporters.JUnitReportReporter -->
<testsuite hostname="DESKTOP-CM623GF" failures="0" tests="3" name="DoubleMateriality.CreateDMreport" time="4.448" errors="0" timestamp="2025-06-10T13:22:06 IST" skipped="0">
  <testcase classname="DoubleMateriality.CreateDMreport" name="createreport" time="0.950"/>
  <testcase classname="DoubleMateriality.CreateDMreport" name="markTopicNonmaterial" time="3.014"/>
  <testcase classname="DoubleMateriality.CreateDMreport" name="checkresponseaftermarkingasnonmaterial" time="0.484"/>
</testsuite> <!-- DoubleMateriality.CreateDMreport -->
