<?xml version="1.0" encoding="UTF-8"?>
<!-- Generated by org.testng.reporters.JUnitReportReporter -->
<testsuite hostname="DESKTOP-CM623GF" failures="0" tests="1" name="EU_Taxonomy.Fillminimumsafeguard" time="5.339" errors="0" timestamp="2025-06-13T13:52:48 IST" skipped="0">
  <testcase classname="EU_Taxonomy.Fillminimumsafeguard" name="fillms32" time="5.339"/>
</testsuite> <!-- EU_Taxonomy.Fillminimumsafeguard -->
