<?xml version="1.0" encoding="UTF-8"?>
<!-- Generated by org.testng.reporters.JUnitReportReporter -->
<testsuite hostname="DESKTOP-CM623GF" failures="0" tests="4" name="EU_Taxonomy.Addfinancialdata" time="8.165" errors="0" timestamp="2025-06-27T14:59:23 IST" skipped="0">
  <testcase classname="EU_Taxonomy.Addfinancialdata" name="Updatestatus" time="1.118"/>
  <testcase classname="EU_Taxonomy.Addfinancialdata" name="addfinancialdata" time="2.237"/>
  <testcase classname="EU_Taxonomy.Addfinancialdata" name="addfinancialdata92" time="2.585"/>
  <testcase classname="EU_Taxonomy.Addfinancialdata" name="addfinancialdata32" time="2.225"/>
</testsuite> <!-- EU_Taxonomy.Addfinancialdata -->
