<?xml version="1.0" encoding="UTF-8"?>
<!-- Generated by org.testng.reporters.JUnitReportReporter -->
<testsuite hostname="DESKTOP-CM623GF" failures="0" tests="1" name="EU_Taxonomy.Alignactivity" time="11.412" errors="0" timestamp="2025-06-13T17:16:02 IST" skipped="0">
  <testcase classname="EU_Taxonomy.Alignactivity" name="alignactivity92" time="11.412"/>
</testsuite> <!-- EU_Taxonomy.Alignactivity -->
