<?xml version="1.0" encoding="UTF-8"?>
<!-- Generated by org.testng.reporters.JUnitReportReporter -->
<testsuite hostname="DESKTOP-CM623GF" failures="0" tests="5" name="ESRS_Report.Checkaggregateresult" time="62.423" errors="0" timestamp="2025-06-05T16:13:23 IST" skipped="0">
  <testcase classname="ESRS_Report.Checkaggregateresult" name="checkaggregatedresultv5E152" time="2.040"/>
  <testcase classname="ESRS_Report.Checkaggregateresult" name="checkaggregatedv5E154" time="2.028"/>
  <testcase classname="ESRS_Report.Checkaggregateresult" name="getdisclousurerequirementid" time="1.573"/>
  <testcase classname="ESRS_Report.Checkaggregateresult" name="completeindividualdatapoints" time="56.519"/>
  <testcase classname="ESRS_Report.Checkaggregateresult" name="completestep3" time="0.263"/>
</testsuite> <!-- ESRS_Report.Checkaggregateresult -->
