<?xml version="1.0" encoding="UTF-8"?>
<!-- Generated by org.testng.reporters.JUnitReportReporter -->
<testsuite hostname="DESKTOP-CM623GF" failures="0" tests="5" name="ESRS_Report.Answerdatarequest" time="27.705" errors="0" timestamp="2025-06-18T11:44:52 IST" skipped="0">
  <testcase classname="ESRS_Report.Answerdatarequest" name="startchilddatacollection" time="13.219"/>
  <testcase classname="ESRS_Report.Answerdatarequest" name="completedatacollectionchild" time="0.288"/>
  <testcase classname="ESRS_Report.Answerdatarequest" name="startparentdatacollection" time="13.221"/>
  <testcase classname="ESRS_Report.Answerdatarequest" name="completedatacollectionparent" time="0.288"/>
  <testcase classname="ESRS_Report.Answerdatarequest" name="Completedatacollection" time="0.689"/>
</testsuite> <!-- ESRS_Report.Answerdatarequest -->
