<?xml version="1.0" encoding="UTF-8"?>
<!-- Generated by org.testng.reporters.JUnitReportReporter -->
<testsuite hostname="DESKTOP-CM623GF" failures="0" tests="2" name="daato_automation_test.Acceptsaqandcoc" time="39.627" errors="0" timestamp="2025-04-25T16:00:07 IST" skipped="0">
  <testcase classname="daato_automation_test.Acceptsaqandcoc" name="getadmintoken" time="16.538"/>
  <testcase classname="daato_automation_test.Acceptsaqandcoc" name="acceptsaqandcoc" time="23.089"/>
</testsuite> <!-- daato_automation_test.Acceptsaqandcoc -->
