<?xml version="1.0" encoding="UTF-8"?>
<!-- Generated by org.testng.reporters.JUnitReportReporter -->
<testsuite hostname="DESKTOP-CM623GF" failures="0" tests="1" name="daato_automation_test.Checkresendnotification" time="25.238" errors="0" timestamp="2025-04-25T16:42:10 IST" skipped="0">
  <testcase classname="daato_automation_test.Checkresendnotification" name="checkresendnotification" time="25.238"/>
</testsuite> <!-- daato_automation_test.Checkresendnotification -->
