<?xml version="1.0" encoding="UTF-8"?>
<!-- Generated by org.testng.reporters.JUnitReportReporter -->
<testsuite hostname="DESKTOP-CM623GF" failures="0" tests="3" name="daato_automation_test.Addincident" time="124.161" errors="0" timestamp="2025-06-12T22:49:44 IST" skipped="0">
  <testcase classname="daato_automation_test.Addincident" name="Getsupplierid" time="34.782"/>
  <testcase classname="daato_automation_test.Addincident" name="addincident" time="56.414"/>
  <testcase classname="daato_automation_test.Addincident" name="checkriskafteraddingincident" time="32.965"/>
</testsuite> <!-- daato_automation_test.Addincident -->
