<?xml version="1.0" encoding="UTF-8"?>
<!-- Generated by org.testng.reporters.JUnitReportReporter -->
<testsuite hostname="DESKTOP-CM623GF" failures="0" tests="1" name="DoubleMateriality.Startsurvery" time="0.488" errors="0" timestamp="2025-05-19T16:23:16 IST" skipped="0">
  <testcase classname="DoubleMateriality.Startsurvery" name="startsurvey" time="0.488"/>
</testsuite> <!-- DoubleMateriality.Startsurvery -->
