<?xml version="1.0" encoding="UTF-8"?>
<!-- Generated by org.testng.reporters.JUnitReportReporter -->
<testsuite hostname="DESKTOP-CM623GF" failures="0" tests="1" name="EU_Taxonomy.CreateEUReport" time="0.645" errors="0" timestamp="2025-06-16T15:18:28 IST" skipped="0">
  <testcase classname="EU_Taxonomy.CreateEUReport" name="createEUreport" time="0.645"/>
</testsuite> <!-- EU_Taxonomy.CreateEUReport -->
