<?xml version="1.0" encoding="UTF-8"?>
<!-- Generated by org.testng.reporters.JUnitReportReporter -->
<testsuite hostname="DESKTOP-CM623GF" failures="0" tests="3" name="ESRS_Report.Createentityspecificdis" time="8.189" errors="0" timestamp="2025-06-24T16:02:23 IST" skipped="0">
  <testcase classname="ESRS_Report.Createentityspecificdis" name="createentityspecificdis" time="0.646"/>
  <testcase classname="ESRS_Report.Createentityspecificdis" name="getid" time="1.901"/>
  <testcase classname="ESRS_Report.Createentityspecificdis" name="markasnonmaterialentityspecifc" time="5.642"/>
</testsuite> <!-- ESRS_Report.Createentityspecificdis -->
