<?xml version="1.0" encoding="UTF-8"?>
<!-- Generated by org.testng.reporters.JUnitReportReporter -->
<testsuite hostname="DESKTOP-38Q9L5G" failures="0" tests="1" name="Daato_Automation.Send_CoC" time="29.933" errors="0" timestamp="2023-10-12T15:38:48 IST" skipped="0">
  <testcase classname="Daato_Automation.Send_CoC" name="send_coc" time="29.933"/>
</testsuite> <!-- Daato_Automation.Send_CoC -->
