<?xml version="1.0" encoding="UTF-8"?>
<!-- Generated by org.testng.reporters.JUnitReportReporter -->
<testsuite hostname="DESKTOP-CM623GF" failures="0" tests="2" name="daato_automation_test.Bulkassignentity" time="47.177" errors="0" timestamp="2025-05-30T18:55:22 IST" skipped="0">
  <testcase classname="daato_automation_test.Bulkassignentity" name="bulkassignentity" time="23.496"/>
  <testcase classname="daato_automation_test.Bulkassignentity" name="bulkassignrelationshipmanager" time="23.681"/>
</testsuite> <!-- daato_automation_test.Bulkassignentity -->
