<?xml version="1.0" encoding="UTF-8"?>
<!-- Generated by org.testng.reporters.JUnitReportReporter -->
<testsuite hostname="DESKTOP-CM623GF" failures="0" tests="3" name="DoubleMateriality.ManualIROassessment" time="5.448" errors="0" timestamp="2025-05-19T16:23:16 IST" skipped="2">
  <testcase classname="DoubleMateriality.ManualIROassessment" name="sendcollaborationrequest" time="5.448"/>
  <testcase classname="DoubleMateriality.ManualIROassessment" name="assessmanualassessment">
    <skipped/>
  </testcase> <!-- assessmanualassessment -->
  <testcase classname="DoubleMateriality.ManualIROassessment" name="createmanualassessment">
    <skipped/>
  </testcase> <!-- createmanualassessment -->
</testsuite> <!-- DoubleMateriality.ManualIROassessment -->
