<?xml version="1.0" encoding="UTF-8"?>
<!-- Generated by org.testng.reporters.JUnitReportReporter -->
<testsuite hostname="DESKTOP-CM623GF" failures="0" tests="1" name="EU_Taxonomy.Addfinancialdata" time="1.321" errors="0" timestamp="2025-06-13T17:38:14 IST" skipped="0">
  <testcase classname="EU_Taxonomy.Addfinancialdata" name="addfinancialdata32" time="1.321"/>
</testsuite> <!-- EU_Taxonomy.Addfinancialdata -->
