<?xml version="1.0" encoding="UTF-8"?>
<!-- Generated by org.testng.reporters.JUnitReportReporter -->
<testsuite hostname="DESKTOP-CM623GF" failures="0" tests="4" name="ESRS_Report.CreateUsers" time="47.577" errors="0" timestamp="2025-06-27T12:40:19 IST" skipped="0">
  <testcase classname="ESRS_Report.CreateUsers" name="createparent" time="2.810"/>
  <testcase classname="ESRS_Report.CreateUsers" name="createparententity" time="10.926"/>
  <testcase classname="ESRS_Report.CreateUsers" name="createchild" time="31.612"/>
  <testcase classname="ESRS_Report.CreateUsers" name="createchildentity" time="2.229"/>
</testsuite> <!-- ESRS_Report.CreateUsers -->
