<?xml version="1.0" encoding="UTF-8"?>
<!-- Generated by org.testng.reporters.JUnitReportReporter -->
<testsuite hostname="DESKTOP-CM623GF" failures="0" tests="9" name="ESRS_Report.Bulkactions" time="28.067" errors="0" timestamp="2025-06-27T17:07:30 IST" skipped="0">
  <testcase classname="ESRS_Report.Bulkactions" name="markE16voluntaryoff" time="6.360"/>
  <testcase classname="ESRS_Report.Bulkactions" name="markE17nonmaterial" time="1.431"/>
  <testcase classname="ESRS_Report.Bulkactions" name="completestep1" time="0.908"/>
  <testcase classname="ESRS_Report.Bulkactions" name="assigndatapointtoentity" time="10.598"/>
  <testcase classname="ESRS_Report.Bulkactions" name="completestep2" time="1.730"/>
  <testcase classname="ESRS_Report.Bulkactions" name="startdatacollection" time="1.928"/>
  <testcase classname="ESRS_Report.Bulkactions" name="getdatacollectionid" time="3.423"/>
  <testcase classname="ESRS_Report.Bulkactions" name="getesrsentitydatacollectionid" time="0.728"/>
  <testcase classname="ESRS_Report.Bulkactions" name="getesrsentitydatacollectionidparent" time="0.961"/>
</testsuite> <!-- ESRS_Report.Bulkactions -->
