<?xml version="1.0" encoding="UTF-8"?>
<!-- Generated by org.testng.reporters.JUnitReportReporter -->
<testsuite hostname="DESKTOP-CM623GF" failures="0" tests="2" name="daato_automation_test.Checkrepositorydata" time="53.522" errors="0" timestamp="2025-06-12T23:26:17 IST" skipped="0">
  <testcase classname="daato_automation_test.Checkrepositorydata" name="GetexpectedResult" time="44.083"/>
  <testcase classname="daato_automation_test.Checkrepositorydata" name="checkacutaldata" time="9.439"/>
</testsuite> <!-- daato_automation_test.Checkrepositorydata -->
