<?xml version="1.0" encoding="UTF-8"?>
<!-- Generated by org.testng.reporters.JUnitReportReporter -->
<testsuite hostname="DESKTOP-CM623GF" failures="0" tests="4" name="DoubleMateriality.CreateReports" time="5.947" errors="0" timestamp="2025-06-20T09:23:32 IST" skipped="0">
  <testcase classname="DoubleMateriality.CreateReports" name="createreport" time="0.861"/>
  <testcase classname="DoubleMateriality.CreateReports" name="createsrsreport" time="2.487"/>
  <testcase classname="DoubleMateriality.CreateReports" name="waitForReportReady" time="2.033"/>
  <testcase classname="DoubleMateriality.CreateReports" name="createEUreport" time="0.566"/>
</testsuite> <!-- DoubleMateriality.CreateReports -->
