<?xml version="1.0" encoding="UTF-8"?>
<!-- Generated by org.testng.reporters.JUnitReportReporter -->
<testsuite hostname="DESKTOP-CM623GF" failures="0" tests="2" name="daato_automation_test.Uploadsupplierrepository" time="126.538" errors="0" timestamp="2025-06-12T23:07:36 IST" skipped="0">
  <testcase classname="daato_automation_test.Uploadsupplierrepository" name="editanduploadrepo" time="86.358"/>
  <testcase classname="daato_automation_test.Uploadsupplierrepository" name="checkcontactnameaftereditrepo" time="40.180"/>
</testsuite> <!-- daato_automation_test.Uploadsupplierrepository -->
