<?xml version="1.0" encoding="UTF-8"?>
<!-- Generated by org.testng.reporters.JUnitReportReporter -->
<testsuite hostname="DESKTOP-CM623GF" failures="0" tests="1" name="ESRS_Report.Answerdatarequest" time="17.811" errors="0" timestamp="2025-06-04T14:30:17 IST" skipped="0">
  <testcase classname="ESRS_Report.Answerdatarequest" name="completeindividualdatapoints" time="17.811"/>
</testsuite> <!-- ESRS_Report.Answerdatarequest -->
