<?xml version="1.0" encoding="UTF-8"?>
<!-- Generated by org.testng.reporters.JUnitReportReporter -->
<testsuite hostname="DESKTOP-CM623GF" failures="0" tests="1" name="Daato_Automation.Add_Supplier_Germany" time="57.551" errors="0" timestamp="2023-07-27T15:48:39 IST" skipped="0">
  <testcase classname="Daato_Automation.Add_Supplier_Germany" name="calculate_abstract_risk_germany" time="57.551"/>
  <system-out/>
</testsuite> <!-- Daato_Automation.Add_Supplier_Germany -->
