<?xml version="1.0" encoding="UTF-8"?>
<!-- Generated by org.testng.reporters.JUnitReportReporter -->
<testsuite hostname="DESKTOP-CM623GF" failures="0" tests="9" name="ESRS_Report.Bulkactions" time="68.521" errors="0" timestamp="2025-06-10T11:32:38 IST" skipped="0">
  <testcase classname="ESRS_Report.Bulkactions" name="markE16voluntaryoff" time="56.391"/>
  <testcase classname="ESRS_Report.Bulkactions" name="markE17nonmaterial" time="0.474"/>
  <testcase classname="ESRS_Report.Bulkactions" name="completestep1" time="0.366"/>
  <testcase classname="ESRS_Report.Bulkactions" name="assigndatapointtoentity" time="5.180"/>
  <testcase classname="ESRS_Report.Bulkactions" name="startdatacollection" time="1.714"/>
  <testcase classname="ESRS_Report.Bulkactions" name="getdatacollectionid" time="1.977"/>
  <testcase classname="ESRS_Report.Bulkactions" name="getesrsentitydatacollectionid" time="1.031"/>
  <testcase classname="ESRS_Report.Bulkactions" name="getesrsentitydatacollectionidparent" time="1.006"/>
  <testcase classname="ESRS_Report.Bulkactions" name="completestep2" time="0.382"/>
</testsuite> <!-- ESRS_Report.Bulkactions -->
