<?xml version="1.0" encoding="UTF-8"?>
<!-- Generated by org.testng.reporters.JUnitReportReporter -->
<testsuite hostname="DESKTOP-CM623GF" failures="0" tests="3" name="daato_automation_test.Addsupplier_emails" time="175.009" errors="0" timestamp="2025-06-20T12:11:20 IST" skipped="0">
  <testcase classname="daato_automation_test.Addsupplier_emails" name="add_supplier" time="58.554"/>
  <testcase classname="daato_automation_test.Addsupplier_emails" name="sendSAQ" time="45.048"/>
  <testcase classname="daato_automation_test.Addsupplier_emails" name="General_information" time="71.407"/>
</testsuite> <!-- daato_automation_test.Addsupplier_emails -->
