<?xml version="1.0" encoding="UTF-8"?>
<!-- Generated by org.testng.reporters.JUnitReportReporter -->
<testsuite hostname="DESKTOP-CM623GF" failures="0" tests="3" name="DoubleMateriality.Createstakeholder" time="2.565" errors="0" timestamp="2025-05-19T16:23:16 IST" skipped="0">
  <testcase classname="DoubleMateriality.Createstakeholder" name="createstakeholdergroup" time="0.473"/>
  <testcase classname="DoubleMateriality.Createstakeholder" name="createstake" time="1.164"/>
  <testcase classname="DoubleMateriality.Createstakeholder" name="getstakeid" time="0.928"/>
</testsuite> <!-- DoubleMateriality.Createstakeholder -->
