<?xml version="1.0" encoding="UTF-8"?>
<!-- Generated by org.testng.reporters.JUnitReportReporter -->
<testsuite hostname="DESKTOP-CM623GF" failures="0" tests="2" name="daato_automation_test.Checkrepositorydata" time="25.912" errors="0" timestamp="2025-04-25T16:07:36 IST" skipped="0">
  <testcase classname="daato_automation_test.Checkrepositorydata" name="GetexpectedResult" time="19.321"/>
  <testcase classname="daato_automation_test.Checkrepositorydata" name="checkacutaldata" time="6.591"/>
</testsuite> <!-- daato_automation_test.Checkrepositorydata -->
