<?xml version="1.0" encoding="UTF-8"?>
<!-- Generated by org.testng.reporters.JUnitReportReporter -->
<testsuite hostname="DESKTOP-CM623GF" failures="0" tests="1" name="Daato_Automation.Add_Supplier" time="47.490" errors="0" timestamp="2023-10-11T12:36:04 IST" skipped="0">
  <testcase classname="Daato_Automation.Add_Supplier" name="add_supplier" time="47.490"/>
  <system-out/>
</testsuite> <!-- Daato_Automation.Add_Supplier -->
