<?xml version="1.0" encoding="UTF-8"?>
<!-- Generated by org.testng.reporters.JUnitReportReporter -->
<testsuite hostname="DESKTOP-CM623GF" failures="0" tests="2" name="ESRS_Report.Generatereport" time="1.936" errors="0" timestamp="2025-06-10T15:26:49 IST" skipped="0">
  <testcase classname="ESRS_Report.Generatereport" name="updatefinaldr" time="1.365"/>
  <testcase classname="ESRS_Report.Generatereport" name="completeE15" time="0.571"/>
</testsuite> <!-- ESRS_Report.Generatereport -->
