<?xml version="1.0" encoding="UTF-8"?>
<!-- Generated by org.testng.reporters.JUnitReportReporter -->
<testsuite hostname="DESKTOP-CM623GF" failures="0" tests="2" name="ESRS_Report.ExcelDownloader" time="4.500" errors="0" timestamp="2025-06-18T11:44:52 IST" skipped="0">
  <testcase classname="ESRS_Report.ExcelDownloader" name="downloadesrsexcel" time="3.497"/>
  <testcase classname="ESRS_Report.ExcelDownloader" name="Verifyexceldata" time="1.003"/>
</testsuite> <!-- ESRS_Report.ExcelDownloader -->
