<?xml version="1.0" encoding="UTF-8"?>
<!-- Generated by org.testng.reporters.JUnitReportReporter -->
<testsuite hostname="DESKTOP-CM623GF" failures="0" tests="2" name="DoubleMateriality.Finalreportscore" time="143.406" errors="0" timestamp="2025-06-10T13:22:06 IST" skipped="0">
  <testcase classname="DoubleMateriality.Finalreportscore" name="checkfinalreportscore" time="44.369"/>
  <testcase classname="DoubleMateriality.Finalreportscore" name="checkrankingview" time="99.037"/>
</testsuite> <!-- DoubleMateriality.Finalreportscore -->
