<?xml version="1.0" encoding="UTF-8"?>
<!-- Generated by org.testng.reporters.JUnitReportReporter -->
<testsuite hostname="DESKTOP-CM623GF" failures="0" tests="2" name="ESRS_Report.ExcelDownloader" time="4.909" errors="0" timestamp="2025-06-10T15:26:49 IST" skipped="0">
  <testcase classname="ESRS_Report.ExcelDownloader" name="downloadesrsexcel" time="4.029"/>
  <testcase classname="ESRS_Report.ExcelDownloader" name="Verifyexceldata" time="0.880"/>
</testsuite> <!-- ESRS_Report.ExcelDownloader -->
