<?xml version="1.0" encoding="UTF-8"?>
<!-- Generated by org.testng.reporters.JUnitReportReporter -->
<testsuite hostname="DESKTOP-CM623GF" failures="0" tests="1" name="EU_Taxonomy.Addactivity" time="0.900" errors="0" timestamp="2025-06-13T14:43:34 IST" skipped="0">
  <testcase classname="EU_Taxonomy.Addactivity" name="fetchenvironmentreportcriteriid" time="0.900"/>
</testsuite> <!-- EU_Taxonomy.Addactivity -->
