<?xml version="1.0" encoding="UTF-8"?>
<!-- Generated by org.testng.reporters.JUnitReportReporter -->
<testsuite hostname="DESKTOP-CM623GF" failures="0" tests="2" name="DoubleMateriality.Finalreportscore" time="137.060" errors="0" timestamp="2025-06-10T12:29:40 IST" skipped="0">
  <testcase classname="DoubleMateriality.Finalreportscore" name="checkfinalreportscore" time="37.286"/>
  <testcase classname="DoubleMateriality.Finalreportscore" name="checkrankingview" time="99.774"/>
</testsuite> <!-- DoubleMateriality.Finalreportscore -->
