<?xml version="1.0" encoding="UTF-8"?>
<!-- Generated by org.testng.reporters.JUnitReportReporter -->
<testsuite hostname="DESKTOP-CM623GF" failures="0" tests="2" name="EU_Taxonomy.Senddatarequest" time="2.451" errors="0" timestamp="2025-06-18T13:51:09 IST" skipped="0">
  <testcase classname="EU_Taxonomy.Senddatarequest" name="createuser" time="1.730"/>
  <testcase classname="EU_Taxonomy.Senddatarequest" name="senddatarequest" time="0.721"/>
</testsuite> <!-- EU_Taxonomy.Senddatarequest -->
