<?xml version="1.0" encoding="UTF-8"?>
<!-- Generated by org.testng.reporters.JUnitReportReporter -->
<testsuite hostname="DESKTOP-CM623GF" failures="0" tests="4" name="ESRS_Report.CreateUsers" time="10.298" errors="0" timestamp="2025-06-09T13:37:19 IST" skipped="0">
  <testcase classname="ESRS_Report.CreateUsers" name="createparent" time="2.252"/>
  <testcase classname="ESRS_Report.CreateUsers" name="createparententity" time="0.513"/>
  <testcase classname="ESRS_Report.CreateUsers" name="createchild" time="4.013"/>
  <testcase classname="ESRS_Report.CreateUsers" name="createchildentity" time="3.520"/>
</testsuite> <!-- ESRS_Report.CreateUsers -->
