<?xml version="1.0" encoding="UTF-8"?>
<!-- Generated by org.testng.reporters.JUnitReportReporter -->
<testsuite hostname="DESKTOP-CM623GF" failures="0" tests="5" name="ESRS_Report.Checkaggregateresult" time="79.148" errors="0" timestamp="2025-06-09T13:37:19 IST" skipped="0">
  <testcase classname="ESRS_Report.Checkaggregateresult" name="checkaggregatedresultv5E152" time="2.224"/>
  <testcase classname="ESRS_Report.Checkaggregateresult" name="checkaggregatedv5E154" time="1.898"/>
  <testcase classname="ESRS_Report.Checkaggregateresult" name="getdisclousurerequirementid" time="1.582"/>
  <testcase classname="ESRS_Report.Checkaggregateresult" name="completeindividualdatapoints" time="70.069"/>
  <testcase classname="ESRS_Report.Checkaggregateresult" name="completestep3" time="3.375"/>
</testsuite> <!-- ESRS_Report.Checkaggregateresult -->
