<?xml version="1.0" encoding="UTF-8"?>
<!-- Generated by org.testng.reporters.JUnitReportReporter -->
<testsuite hostname="DESKTOP-CM623GF" failures="0" tests="1" name="daato_automation_test.Downloadrepositoryfile" time="22.585" errors="0" timestamp="2025-04-25T11:34:51 IST" skipped="0">
  <testcase classname="daato_automation_test.Downloadrepositoryfile" name="downloadrepository" time="22.585"/>
</testsuite> <!-- daato_automation_test.Downloadrepositoryfile -->
