<?xml version="1.0" encoding="UTF-8"?>
<!-- Generated by org.testng.reporters.JUnitReportReporter -->
<testsuite hostname="DESKTOP-CM623GF" failures="0" tests="3" name="daato_automation_test.Addincident" time="63.977" errors="0" timestamp="2025-04-24T12:21:12 IST" skipped="0">
  <testcase classname="daato_automation_test.Addincident" name="Getsupplierid" time="27.900"/>
  <testcase classname="daato_automation_test.Addincident" name="addincident" time="25.994"/>
  <testcase classname="daato_automation_test.Addincident" name="checkriskafteraddingincident" time="10.083"/>
</testsuite> <!-- daato_automation_test.Addincident -->
