<?xml version="1.0" encoding="UTF-8"?>
<!-- Generated by org.testng.reporters.JUnitReportReporter -->
<testsuite hostname="DESKTOP-CM623GF" failures="0" tests="3" name="ESRS_Report.Submitdatacollectioknrequest" time="2.478" errors="0" timestamp="2025-05-14T17:38:05 IST" skipped="0">
  <testcase classname="ESRS_Report.Submitdatacollectioknrequest" name="submitchildcollectionrequest" time="0.606"/>
  <testcase classname="ESRS_Report.Submitdatacollectioknrequest" name="submitparentcollectionrequest" time="0.758"/>
  <testcase classname="ESRS_Report.Submitdatacollectioknrequest" name="completedatacollection" time="1.114"/>
</testsuite> <!-- ESRS_Report.Submitdatacollectioknrequest -->
