<?xml version="1.0" encoding="UTF-8"?>
<!-- Generated by org.testng.reporters.JUnitReportReporter -->
<testsuite hostname="DESKTOP-38Q9L5G" failures="0" tests="1" name="daato_automation_test.AcceptCOCTest" time="54.854" errors="0" timestamp="2023-10-17T16:56:22 IST" skipped="0">
  <testcase classname="daato_automation_test.AcceptCOCTest" name="accept_CoC" time="54.854"/>
</testsuite> <!-- daato_automation_test.AcceptCOCTest -->
