<?xml version="1.0" encoding="UTF-8"?>
<!-- Generated by org.testng.reporters.JUnitReportReporter -->
<testsuite hostname="DESKTOP-CM623GF" failures="0" tests="2" name="daato_automation_test.Uploadsupplierrepository" time="53.511" errors="0" timestamp="2025-04-25T16:18:29 IST" skipped="0">
  <testcase classname="daato_automation_test.Uploadsupplierrepository" name="editanduploadrepo" time="33.104"/>
  <testcase classname="daato_automation_test.Uploadsupplierrepository" name="checkcontactnameaftereditrepo" time="20.407"/>
</testsuite> <!-- daato_automation_test.Uploadsupplierrepository -->
