<?xml version="1.0" encoding="UTF-8"?>
<!-- Generated by org.testng.reporters.JUnitReportReporter -->
<testsuite hostname="DESKTOP-CM623GF" failures="0" tests="2" name="ESRS_Report.CreateReport" time="8.871" errors="0" timestamp="2025-06-06T15:51:23 IST" skipped="0">
  <testcase classname="ESRS_Report.CreateReport" name="createsrsreport" time="5.600"/>
  <testcase classname="ESRS_Report.CreateReport" name="waitForReportReady" time="3.271"/>
</testsuite> <!-- ESRS_Report.CreateReport -->
