<?xml version="1.0" encoding="UTF-8"?>
<!-- Generated by org.testng.reporters.JUnitReportReporter -->
<testsuite hostname="DESKTOP-CM623GF" failures="0" tests="1" name="daato_automation_test.AddSupplierTest" time="32.549" errors="0" timestamp="2025-04-25T15:39:13 IST" skipped="0">
  <testcase classname="daato_automation_test.AddSupplierTest" name="add_supplier" time="32.549"/>
</testsuite> <!-- daato_automation_test.AddSupplierTest -->
