<?xml version="1.0" encoding="UTF-8"?>
<!-- Generated by org.testng.reporters.JUnitReportReporter -->
<testsuite hostname="DESKTOP-CM623GF" failures="0" tests="2" name="DoubleMateriality.DownloadDMxlsx" time="2.661" errors="0" timestamp="2025-06-16T15:56:55 IST" skipped="0">
  <testcase classname="DoubleMateriality.DownloadDMxlsx" name="downloadrepository" time="1.918"/>
  <testcase classname="DoubleMateriality.DownloadDMxlsx" name="checklatestfiledata" time="0.743"/>
</testsuite> <!-- DoubleMateriality.DownloadDMxlsx -->
