<?xml version="1.0" encoding="UTF-8"?>
<!-- Generated by org.testng.reporters.JUnitReportReporter -->
<testsuite hostname="DESKTOP-CM623GF" failures="0" tests="1" name="Daato_Automation.Abstract_Risk_Calculation_1" time="58.763" errors="0" timestamp="2023-07-27T15:48:39 IST" skipped="0">
  <testcase classname="Daato_Automation.Abstract_Risk_Calculation_1" name="abstract_risk_changes_to_default_settings" time="58.763"/>
  <system-out/>
</testsuite> <!-- Daato_Automation.Abstract_Risk_Calculation_1 -->
