<?xml version="1.0" encoding="UTF-8"?>
<!-- Generated by org.testng.reporters.JUnitReportReporter -->
<testsuite hostname="DESKTOP-CM623GF" failures="0" tests="3" name="daato_automation_test.Addincident" time="47.321" errors="0" timestamp="2025-06-16T15:47:20 IST" skipped="0">
  <testcase classname="daato_automation_test.Addincident" name="Getsupplierid" time="19.195"/>
  <testcase classname="daato_automation_test.Addincident" name="addincident" time="18.996"/>
  <testcase classname="daato_automation_test.Addincident" name="checkriskafteraddingincident" time="9.130"/>
</testsuite> <!-- daato_automation_test.Addincident -->
