<?xml version="1.0" encoding="UTF-8"?>
<!-- Generated by org.testng.reporters.JUnitReportReporter -->
<testsuite hostname="DESKTOP-CM623GF" failures="0" tests="4" name="EU_Taxonomy.Addactivity" time="2.712" errors="0" timestamp="2025-06-16T15:18:28 IST" skipped="0">
  <testcase classname="EU_Taxonomy.Addactivity" name="addactivityfirst" time="0.613"/>
  <testcase classname="EU_Taxonomy.Addactivity" name="addactivitsecond" time="0.639"/>
  <testcase classname="EU_Taxonomy.Addactivity" name="fetchidsofminsafguard" time="0.785"/>
  <testcase classname="EU_Taxonomy.Addactivity" name="fetchenvironmentreportcriteriid" time="0.675"/>
</testsuite> <!-- EU_Taxonomy.Addactivity -->
