<?xml version="1.0" encoding="UTF-8"?>
<!-- Generated by org.testng.reporters.JUnitReportReporter -->
<testsuite hostname="DESKTOP-CM623GF" failures="0" tests="9" name="ESRS_Report.Bulkactions" time="11.820" errors="0" timestamp="2025-06-04T14:27:27 IST" skipped="0">
  <testcase classname="ESRS_Report.Bulkactions" name="markE16voluntaryoff" time="2.811"/>
  <testcase classname="ESRS_Report.Bulkactions" name="markE17nonmaterial" time="0.620"/>
  <testcase classname="ESRS_Report.Bulkactions" name="completestep1" time="0.382"/>
  <testcase classname="ESRS_Report.Bulkactions" name="assigndatapointtoentity" time="3.213"/>
  <testcase classname="ESRS_Report.Bulkactions" name="completestep2" time="0.387"/>
  <testcase classname="ESRS_Report.Bulkactions" name="startdatacollection" time="1.528"/>
  <testcase classname="ESRS_Report.Bulkactions" name="getdatacollectionid" time="1.969"/>
  <testcase classname="ESRS_Report.Bulkactions" name="getesrsentitydatacollectionid" time="0.476"/>
  <testcase classname="ESRS_Report.Bulkactions" name="getesrsentitydatacollectionidparent" time="0.434"/>
</testsuite> <!-- ESRS_Report.Bulkactions -->
