<?xml version="1.0" encoding="UTF-8"?>
<!-- Generated by org.testng.reporters.JUnitReportReporter -->
<testsuite hostname="DESKTOP-CM623GF" failures="0" tests="2" name="daato_automation_test.Checkrepositorydata" time="24.830" errors="0" timestamp="2025-05-12T15:27:06 IST" skipped="0">
  <testcase classname="daato_automation_test.Checkrepositorydata" name="GetexpectedResult" time="19.296"/>
  <testcase classname="daato_automation_test.Checkrepositorydata" name="checkacutaldata" time="5.534"/>
</testsuite> <!-- daato_automation_test.Checkrepositorydata -->
