<?xml version="1.0" encoding="UTF-8"?>
<!-- Generated by org.testng.reporters.JUnitReportReporter -->
<testsuite hostname="DESKTOP-38Q9L5G" failures="0" tests="2" name="daato_automation_test.SelfAssessmentSAQTest" time="64.885" errors="0" timestamp="2025-02-13T15:45:00 IST" skipped="0">
  <testcase classname="daato_automation_test.SelfAssessmentSAQTest" name="self_assessment_before_saq" time="29.598"/>
  <testcase classname="daato_automation_test.SelfAssessmentSAQTest" name="sendSAQ" time="35.287"/>
</testsuite> <!-- daato_automation_test.SelfAssessmentSAQTest -->
