<?xml version="1.0" encoding="UTF-8"?>
<!-- Generated by org.testng.reporters.JUnitReportReporter -->
<testsuite hostname="DESKTOP-CM623GF" failures="0" tests="2" name="ESRS_Report.Bulkactions2" time="87.948" errors="0" timestamp="2025-06-05T15:41:53 IST" skipped="0">
  <testcase classname="ESRS_Report.Bulkactions2" name="markE16voluntaryoff" time="82.974"/>
  <testcase classname="ESRS_Report.Bulkactions2" name="assigndatapointtoentity" time="4.974"/>
</testsuite> <!-- ESRS_Report.Bulkactions2 -->
