<?xml version="1.0" encoding="UTF-8"?>
<!-- Generated by org.testng.reporters.JUnitReportReporter -->
<testsuite hostname="DESKTOP-CM623GF" failures="0" tests="3" name="daato_automation_test.Addincident" time="40.071" errors="0" timestamp="2025-04-28T13:29:33 IST" skipped="0">
  <testcase classname="daato_automation_test.Addincident" name="Getsupplierid" time="16.974"/>
  <testcase classname="daato_automation_test.Addincident" name="addincident" time="16.474"/>
  <testcase classname="daato_automation_test.Addincident" name="checkriskafteraddingincident" time="6.623"/>
</testsuite> <!-- daato_automation_test.Addincident -->
