<?xml version="1.0" encoding="UTF-8"?>
<!-- Generated by org.testng.reporters.JUnitReportReporter -->
<testsuite hostname="DESKTOP-CM623GF" failures="0" tests="5" name="ESRS_Report.Answerdatarequest" time="26.573" errors="0" timestamp="2025-06-10T11:32:38 IST" skipped="0">
  <testcase classname="ESRS_Report.Answerdatarequest" name="startchilddatacollection" time="12.663"/>
  <testcase classname="ESRS_Report.Answerdatarequest" name="completedatacollectionchild" time="0.397"/>
  <testcase classname="ESRS_Report.Answerdatarequest" name="startparentdatacollection" time="12.489"/>
  <testcase classname="ESRS_Report.Answerdatarequest" name="completedatacollectionparent" time="0.300"/>
  <testcase classname="ESRS_Report.Answerdatarequest" name="Completedatacollection" time="0.724"/>
</testsuite> <!-- ESRS_Report.Answerdatarequest -->
