<?xml version="1.0" encoding="UTF-8"?>
<!-- Generated by org.testng.reporters.JUnitReportReporter -->
<testsuite hostname="DESKTOP-CM623GF" failures="0" tests="3" name="DoubleMateriality.CreateDMreport" time="7.546" errors="0" timestamp="2025-05-26T16:36:49 IST" skipped="0">
  <testcase classname="DoubleMateriality.CreateDMreport" name="createreport" time="1.249"/>
  <testcase classname="DoubleMateriality.CreateDMreport" name="markTopicNonmaterial" time="5.405"/>
  <testcase classname="DoubleMateriality.CreateDMreport" name="checkresponseaftermarkingasnonmaterial" time="0.892"/>
</testsuite> <!-- DoubleMateriality.CreateDMreport -->
