<?xml version="1.0" encoding="UTF-8"?>
<!-- Generated by org.testng.reporters.JUnitReportReporter -->
<testsuite hostname="DESKTOP-CM623GF" failures="0" tests="3" name="Daato_Automation.Add_User2" time="112.951" errors="0" timestamp="2023-06-29T16:01:43 IST" skipped="0">
  <testcase classname="Daato_Automation.Add_User2" name="add_isolated_data_provider" time="30.857"/>
  <system-out/>
  <testcase classname="Daato_Automation.Add_User2" name="add_user_data_provider" time="28.602"/>
  <system-out/>
  <testcase classname="Daato_Automation.Add_User2" name="add_user_admin" time="53.492"/>
  <system-out/>
</testsuite> <!-- Daato_Automation.Add_User2 -->
