<?xml version="1.0" encoding="UTF-8"?>
<!-- Generated by org.testng.reporters.JUnitReportReporter -->
<testsuite hostname="DESKTOP-CM623GF" failures="0" tests="4" name="ESRS_Report.CreateUsers" time="8.114" errors="0" timestamp="2025-06-18T11:44:52 IST" skipped="0">
  <testcase classname="ESRS_Report.CreateUsers" name="createparent" time="1.791"/>
  <testcase classname="ESRS_Report.CreateUsers" name="createparententity" time="0.514"/>
  <testcase classname="ESRS_Report.CreateUsers" name="createchild" time="4.281"/>
  <testcase classname="ESRS_Report.CreateUsers" name="createchildentity" time="1.528"/>
</testsuite> <!-- ESRS_Report.CreateUsers -->
