<?xml version="1.0" encoding="UTF-8"?>
<!-- Generated by org.testng.reporters.JUnitReportReporter -->
<testsuite hostname="DESKTOP-CM623GF" failures="0" tests="1" name="Daato_Automation.Change_Language" time="21.180" errors="0" timestamp="2023-06-29T16:01:43 IST" skipped="0">
  <testcase classname="Daato_Automation.Change_Language" name="change_language" time="21.180"/>
  <system-out/>
</testsuite> <!-- Daato_Automation.Change_Language -->
