<?xml version="1.0" encoding="UTF-8"?>
<!-- Generated by org.testng.reporters.JUnitReportReporter -->
<testsuite hostname="DESKTOP-38Q9L5G" failures="0" tests="2" name="daato_automation_test.AcceptCOCTest" time="70.216" errors="0" timestamp="2025-02-13T15:45:00 IST" skipped="0">
  <testcase classname="daato_automation_test.AcceptCOCTest" name="accept_CoC" time="47.582"/>
  <testcase classname="daato_automation_test.AcceptCOCTest" name="accept_Btn" time="22.634"/>
</testsuite> <!-- daato_automation_test.AcceptCOCTest -->
