<?xml version="1.0" encoding="UTF-8"?>
<!-- Generated by org.testng.reporters.JUnitReportReporter -->
<testsuite hostname="DESKTOP-CM623GF" failures="0" tests="2" name="ESRS_Report.Registerentity" time="96.484" errors="0" timestamp="2025-06-06T15:51:23 IST" skipped="0">
  <testcase classname="ESRS_Report.Registerentity" name="registerentity" time="49.996"/>
  <testcase classname="ESRS_Report.Registerentity" name="registerparentenity" time="46.488"/>
</testsuite> <!-- ESRS_Report.Registerentity -->
