<?xml version="1.0" encoding="UTF-8"?>
<!-- Generated by org.testng.reporters.JUnitReportReporter -->
<testsuite hostname="DESKTOP-CM623GF" failures="0" tests="1" name="EU_Taxonomy.Acceptdatarequest" time="4.366" errors="0" timestamp="2025-06-16T17:06:46 IST" skipped="0">
  <testcase classname="EU_Taxonomy.Acceptdatarequest" name="approvedatarequest" time="4.366"/>
</testsuite> <!-- EU_Taxonomy.Acceptdatarequest -->
