<?xml version="1.0" encoding="UTF-8"?>
<!-- Generated by org.testng.reporters.JUnitReportReporter -->
<testsuite hostname="DESKTOP-CM623GF" failures="0" tests="2" name="daato_automation_test.Bulkassignentity" time="41.655" errors="0" timestamp="2025-06-16T17:04:01 IST" skipped="0">
  <testcase classname="daato_automation_test.Bulkassignentity" name="bulkassignentity" time="22.424"/>
  <testcase classname="daato_automation_test.Bulkassignentity" name="bulkassignrelationshipmanager" time="19.231"/>
</testsuite> <!-- daato_automation_test.Bulkassignentity -->
