<?xml version="1.0" encoding="UTF-8"?>
<!-- Generated by org.testng.reporters.JUnitReportReporter -->
<testsuite hostname="DESKTOP-CM623GF" failures="0" tests="1" name="ESRS_Report.Answerdatarequest" time="16.110" errors="0" timestamp="2025-06-04T12:57:28 IST" skipped="0">
  <testcase classname="ESRS_Report.Answerdatarequest" name="completeindividualdatapoints" time="16.110"/>
</testsuite> <!-- ESRS_Report.Answerdatarequest -->
