<?xml version="1.0" encoding="UTF-8"?>
<!-- Generated by org.testng.reporters.JUnitReportReporter -->
<testsuite hostname="DESKTOP-CM623GF" failures="0" tests="2" name="ESRS_Report.Registerentity" time="111.232" errors="0" timestamp="2025-06-27T12:40:19 IST" skipped="0">
  <testcase classname="ESRS_Report.Registerentity" name="registerentity" time="57.602"/>
  <testcase classname="ESRS_Report.Registerentity" name="registerparentenity" time="53.630"/>
</testsuite> <!-- ESRS_Report.Registerentity -->
