<?xml version="1.0" encoding="UTF-8"?>
<!-- Generated by org.testng.reporters.JUnitReportReporter -->
<testsuite hostname="DESKTOP-CM623GF" failures="0" tests="1" name="EU_Taxonomy.Completesteps" time="1.501" errors="0" timestamp="2025-06-18T13:51:09 IST" skipped="0">
  <testcase classname="EU_Taxonomy.Completesteps" name="completestep" time="1.501"/>
</testsuite> <!-- EU_Taxonomy.Completesteps -->
