<?xml version="1.0" encoding="UTF-8"?>
<!-- Generated by org.testng.reporters.JUnitReportReporter -->
<testsuite hostname="DESKTOP-CM623GF" failures="0" tests="3" name="DoubleMateriality.UploadandcheckIROscore" time="124.791" errors="0" timestamp="2025-06-16T15:56:55 IST" skipped="0">
  <testcase classname="DoubleMateriality.UploadandcheckIROscore" name="uploadiro" time="36.914"/>
  <testcase classname="DoubleMateriality.UploadandcheckIROscore" name="checkiroscore" time="36.935"/>
  <testcase classname="DoubleMateriality.UploadandcheckIROscore" name="checkassedetails" time="50.942"/>
</testsuite> <!-- DoubleMateriality.UploadandcheckIROscore -->
