<?xml version="1.0" encoding="UTF-8"?>
<!-- Generated by org.testng.reporters.JUnitReportReporter -->
<testsuite hostname="DESKTOP-CM623GF" failures="0" tests="2" name="ESRS_Report.CreateReport" time="6.205" errors="0" timestamp="2025-06-10T15:26:49 IST" skipped="0">
  <testcase classname="ESRS_Report.CreateReport" name="createsrsreport" time="4.685"/>
  <testcase classname="ESRS_Report.CreateReport" name="waitForReportReady" time="1.520"/>
</testsuite> <!-- ESRS_Report.CreateReport -->
