<?xml version="1.0" encoding="UTF-8"?>
<!-- Generated by org.testng.reporters.JUnitReportReporter -->
<testsuite hostname="DESKTOP-CM623GF" failures="0" tests="1" name="daato_automation_test.AbstractRiskCalculationTest" time="48.049" errors="0" timestamp="2025-05-12T15:27:06 IST" skipped="0">
  <testcase classname="daato_automation_test.AbstractRiskCalculationTest" name="to_verify_abstrac_risk" time="48.049"/>
</testsuite> <!-- daato_automation_test.AbstractRiskCalculationTest -->
