<?xml version="1.0" encoding="UTF-8"?>
<!-- Generated by org.testng.reporters.JUnitReportReporter -->
<testsuite hostname="DESKTOP-CM623GF" failures="0" tests="9" name="ESRS_Report.Bulkactions" time="25.455" errors="0" timestamp="2025-06-27T12:40:19 IST" skipped="0">
  <testcase classname="ESRS_Report.Bulkactions" name="markE16voluntaryoff" time="4.498"/>
  <testcase classname="ESRS_Report.Bulkactions" name="markE17nonmaterial" time="1.166"/>
  <testcase classname="ESRS_Report.Bulkactions" name="completestep1" time="1.069"/>
  <testcase classname="ESRS_Report.Bulkactions" name="assigndatapointtoentity" time="11.613"/>
  <testcase classname="ESRS_Report.Bulkactions" name="completestep2" time="0.728"/>
  <testcase classname="ESRS_Report.Bulkactions" name="startdatacollection" time="1.909"/>
  <testcase classname="ESRS_Report.Bulkactions" name="getdatacollectionid" time="2.469"/>
  <testcase classname="ESRS_Report.Bulkactions" name="getesrsentitydatacollectionid" time="0.885"/>
  <testcase classname="ESRS_Report.Bulkactions" name="getesrsentitydatacollectionidparent" time="1.118"/>
</testsuite> <!-- ESRS_Report.Bulkactions -->
