<?xml version="1.0" encoding="UTF-8"?>
<!-- Generated by org.testng.reporters.JUnitReportReporter -->
<testsuite hostname="DESKTOP-CM623GF" failures="0" tests="2" name="Daato_Automation.Self_Assessment_SAQ" time="59.230" errors="0" timestamp="2023-10-11T12:36:04 IST" skipped="0">
  <testcase classname="Daato_Automation.Self_Assessment_SAQ" name="self_assessment_before_saq" time="28.342"/>
  <system-out/>
  <testcase classname="Daato_Automation.Self_Assessment_SAQ" name="sendSAQ" time="30.888"/>
  <system-out/>
</testsuite> <!-- Daato_Automation.Self_Assessment_SAQ -->
