<?xml version="1.0" encoding="UTF-8"?>
<!-- Generated by org.testng.reporters.JUnitReportReporter -->
<testsuite hostname="DESKTOP-CM623GF" failures="0" tests="9" name="ESRS_Report.Bulkactions" time="89.125" errors="0" timestamp="2025-06-12T11:29:44 IST" skipped="0">
  <testcase classname="ESRS_Report.Bulkactions" name="markE16voluntaryoff" time="71.504"/>
  <testcase classname="ESRS_Report.Bulkactions" name="markE17nonmaterial" time="0.853"/>
  <testcase classname="ESRS_Report.Bulkactions" name="completestep1" time="0.408"/>
  <testcase classname="ESRS_Report.Bulkactions" name="assigndatapointtoentity" time="11.601"/>
  <testcase classname="ESRS_Report.Bulkactions" name="startdatacollection" time="1.512"/>
  <testcase classname="ESRS_Report.Bulkactions" name="getdatacollectionid" time="1.937"/>
  <testcase classname="ESRS_Report.Bulkactions" name="getesrsentitydatacollectionid" time="0.536"/>
  <testcase classname="ESRS_Report.Bulkactions" name="getesrsentitydatacollectionidparent" time="0.356"/>
  <testcase classname="ESRS_Report.Bulkactions" name="completestep2" time="0.418"/>
</testsuite> <!-- ESRS_Report.Bulkactions -->
