<?xml version="1.0" encoding="UTF-8"?>
<!-- Generated by org.testng.reporters.JUnitReportReporter -->
<testsuite hostname="DESKTOP-CM623GF" failures="0" tests="2" name="ESRS_Report.CreateReport" time="12.046" errors="0" timestamp="2025-06-27T17:07:30 IST" skipped="0">
  <testcase classname="ESRS_Report.CreateReport" name="createsrsreport" time="7.546"/>
  <testcase classname="ESRS_Report.CreateReport" name="waitForReportReady" time="4.500"/>
</testsuite> <!-- ESRS_Report.CreateReport -->
