<?xml version="1.0" encoding="UTF-8"?>
<!-- Generated by org.testng.reporters.JUnitReportReporter -->
<testsuite hostname="DESKTOP-CM623GF" failures="0" tests="2" name="daato_automation_test.SelfAssessmentTest" time="59.009" errors="0" timestamp="2025-04-28T13:29:33 IST" skipped="1">
  <testcase classname="daato_automation_test.SelfAssessmentTest" name="General_information" time="59.009"/>
  <testcase classname="daato_automation_test.SelfAssessmentTest" name="add_governance_and">
    <skipped/>
  </testcase> <!-- add_governance_and -->
</testsuite> <!-- daato_automation_test.SelfAssessmentTest -->
