<?xml version="1.0" encoding="UTF-8"?>
<!-- Generated by org.testng.reporters.JUnitReportReporter -->
<testsuite hostname="DESKTOP-CM623GF" failures="0" tests="2" name="DoubleMateriality.DownloadDMxlsx" time="4.018" errors="0" timestamp="2025-06-10T13:22:06 IST" skipped="0">
  <testcase classname="DoubleMateriality.DownloadDMxlsx" name="downloadrepository" time="2.176"/>
  <testcase classname="DoubleMateriality.DownloadDMxlsx" name="checklatestfiledata" time="1.842"/>
</testsuite> <!-- DoubleMateriality.DownloadDMxlsx -->
