<?xml version="1.0" encoding="UTF-8"?>
<!-- Generated by org.testng.reporters.JUnitReportReporter -->
<testsuite hostname="DESKTOP-CM623GF" failures="0" tests="1" name="EU_Taxonomy.Addactivity" time="0.643" errors="0" timestamp="2025-06-12T14:38:27 IST" skipped="0">
  <testcase classname="EU_Taxonomy.Addactivity" name="addactivity" time="0.643"/>
</testsuite> <!-- EU_Taxonomy.Addactivity -->
