<?xml version="1.0" encoding="UTF-8"?>
<!-- Generated by org.testng.reporters.JUnitReportReporter -->
<testsuite hostname="DESKTOP-CM623GF" failures="0" tests="1" name="daato_automation_test.AddSupplierTest" time="34.058" errors="0" timestamp="2025-04-28T14:50:59 IST" skipped="0">
  <testcase classname="daato_automation_test.AddSupplierTest" name="add_supplier" time="34.058"/>
</testsuite> <!-- daato_automation_test.AddSupplierTest -->
