<?xml version="1.0" encoding="UTF-8"?>
<!-- Generated by org.testng.reporters.JUnitReportReporter -->
<testsuite hostname="DESKTOP-CM623GF" failures="0" tests="9" name="ESRS_Report.Bulkactions" time="58.865" errors="0" timestamp="2025-06-18T11:44:52 IST" skipped="0">
  <testcase classname="ESRS_Report.Bulkactions" name="markE16voluntaryoff" time="49.360"/>
  <testcase classname="ESRS_Report.Bulkactions" name="markE17nonmaterial" time="0.507"/>
  <testcase classname="ESRS_Report.Bulkactions" name="completestep1" time="0.271"/>
  <testcase classname="ESRS_Report.Bulkactions" name="assigndatapointtoentity" time="3.917"/>
  <testcase classname="ESRS_Report.Bulkactions" name="startdatacollection" time="1.621"/>
  <testcase classname="ESRS_Report.Bulkactions" name="getdatacollectionid" time="1.858"/>
  <testcase classname="ESRS_Report.Bulkactions" name="getesrsentitydatacollectionid" time="0.501"/>
  <testcase classname="ESRS_Report.Bulkactions" name="getesrsentitydatacollectionidparent" time="0.458"/>
  <testcase classname="ESRS_Report.Bulkactions" name="completestep2" time="0.372"/>
</testsuite> <!-- ESRS_Report.Bulkactions -->
