<?xml version="1.0" encoding="UTF-8"?>
<!-- Generated by org.testng.reporters.JUnitReportReporter -->
<testsuite hostname="DESKTOP-CM623GF" failures="0" tests="2" name="DoubleMateriality.Finalreportscore" time="133.819" errors="0" timestamp="2025-06-12T18:43:08 IST" skipped="0">
  <testcase classname="DoubleMateriality.Finalreportscore" name="checkfinalreportscore" time="36.148"/>
  <testcase classname="DoubleMateriality.Finalreportscore" name="checkrankingview" time="97.671"/>
</testsuite> <!-- DoubleMateriality.Finalreportscore -->
