<?xml version="1.0" encoding="UTF-8"?>
<!-- Generated by org.testng.reporters.JUnitReportReporter -->
<testsuite hostname="DESKTOP-CM623GF" failures="0" tests="3" name="DoubleMateriality.Createstakeholder" time="2.947" errors="0" timestamp="2025-06-16T15:56:55 IST" skipped="0">
  <testcase classname="DoubleMateriality.Createstakeholder" name="createstakeholdergroup" time="0.565"/>
  <testcase classname="DoubleMateriality.Createstakeholder" name="createstake" time="1.251"/>
  <testcase classname="DoubleMateriality.Createstakeholder" name="getstakeid" time="1.131"/>
</testsuite> <!-- DoubleMateriality.Createstakeholder -->
