<?xml version="1.0" encoding="UTF-8"?>
<!-- Generated by org.testng.reporters.JUnitReportReporter -->
<testsuite hostname="DESKTOP-CM623GF" failures="0" tests="3" name="DoubleMateriality.CreateDMreport" time="3.348" errors="0" timestamp="2025-05-19T16:23:16 IST" skipped="0">
  <testcase classname="DoubleMateriality.CreateDMreport" name="createreport" time="0.786"/>
  <testcase classname="DoubleMateriality.CreateDMreport" name="markTopicNonmaterial" time="2.166"/>
  <testcase classname="DoubleMateriality.CreateDMreport" name="checkresponseaftermarkingasnonmaterial" time="0.396"/>
</testsuite> <!-- DoubleMateriality.CreateDMreport -->
