<?xml version="1.0" encoding="UTF-8"?>
<!-- Generated by org.testng.reporters.JUnitReportReporter -->
<testsuite hostname="DESKTOP-38Q9L5G" failures="0" tests="1" name="daato_automation_test.AddSupplierTest" time="49.501" errors="0" timestamp="2025-02-13T15:45:00 IST" skipped="0">
  <testcase classname="daato_automation_test.AddSupplierTest" name="add_supplier" time="49.501"/>
</testsuite> <!-- daato_automation_test.AddSupplierTest -->
