<?xml version="1.0" encoding="UTF-8"?>
<!-- Generated by org.testng.reporters.JUnitReportReporter -->
<testsuite hostname="DESKTOP-CM623GF" failures="0" tests="1" name="DoubleMateriality.Checksurveryresult" time="47.426" errors="0" timestamp="2025-06-10T12:29:40 IST" skipped="0">
  <testcase classname="DoubleMateriality.Checksurveryresult" name="checksureryresult" time="47.426"/>
</testsuite> <!-- DoubleMateriality.Checksurveryresult -->
