<?xml version="1.0" encoding="UTF-8"?>
<!-- Generated by org.testng.reporters.JUnitReportReporter -->
<testsuite hostname="DESKTOP-CM623GF" failures="0" tests="2" name="ESRSfulldatapoints.Generaldisclosures" time="361.281" errors="0" timestamp="2025-06-26T17:52:06 IST" skipped="0">
  <testcase classname="ESRSfulldatapoints.Generaldisclosures" name="getdisclousurerequirementid" time="6.314"/>
  <testcase classname="ESRSfulldatapoints.Generaldisclosures" name="startESRSG1BusinessConduct1" time="354.967"/>
</testsuite> <!-- ESRSfulldatapoints.Generaldisclosures -->
