<?xml version="1.0" encoding="UTF-8"?>
<!-- Generated by org.testng.reporters.JUnitReportReporter -->
<testsuite hostname="DESKTOP-CM623GF" failures="0" tests="5" name="ESRS_Report.Checkaggregateresult" time="103.881" errors="0" timestamp="2025-06-24T16:02:23 IST" skipped="0">
  <testcase classname="ESRS_Report.Checkaggregateresult" name="checkaggregatedresultv5E152" time="2.384"/>
  <testcase classname="ESRS_Report.Checkaggregateresult" name="checkaggregatedv5E154" time="2.146"/>
  <testcase classname="ESRS_Report.Checkaggregateresult" name="getdisclousurerequirementid" time="1.780"/>
  <testcase classname="ESRS_Report.Checkaggregateresult" name="completeindividualdatapoints" time="97.164"/>
  <testcase classname="ESRS_Report.Checkaggregateresult" name="completestep3" time="0.407"/>
</testsuite> <!-- ESRS_Report.Checkaggregateresult -->
