<?xml version="1.0" encoding="UTF-8"?>
<!-- Generated by org.testng.reporters.JUnitReportReporter -->
<testsuite hostname="DESKTOP-CM623GF" failures="0" tests="1" name="daato_automation_test.SubmitSAandCOC" time="65.213" errors="0" timestamp="2025-04-29T11:26:26 IST" skipped="0">
  <testcase classname="daato_automation_test.SubmitSAandCOC" name="fillsaq" time="65.213"/>
</testsuite> <!-- daato_automation_test.SubmitSAandCOC -->
