<?xml version="1.0" encoding="UTF-8"?>
<!-- Generated by org.testng.reporters.JUnitReportReporter -->
<testsuite hostname="DESKTOP-38Q9L5G" failures="0" tests="1" name="daato_automation_test.SendCOCTest" time="35.220" errors="0" timestamp="2023-10-17T16:37:17 IST" skipped="0">
  <testcase classname="daato_automation_test.SendCOCTest" name="send_coc" time="35.220"/>
</testsuite> <!-- daato_automation_test.SendCOCTest -->
