<?xml version="1.0" encoding="UTF-8"?>
<!-- Generated by org.testng.reporters.JUnitReportReporter -->
<testsuite hostname="DESKTOP-CM623GF" failures="0" tests="3" name="ESRS_Report.Startcollectinggovernance" time="293.128" errors="0" timestamp="2025-06-27T17:07:30 IST" skipped="0">
  <testcase classname="ESRS_Report.Startcollectinggovernance" name="getdisclousurerequirementid" time="3.062"/>
  <testcase classname="ESRS_Report.Startcollectinggovernance" name="startESRSG1BusinessConduct" time="227.308"/>
  <testcase classname="ESRS_Report.Startcollectinggovernance" name="startESRSG1BusinessConduct1" time="62.758"/>
</testsuite> <!-- ESRS_Report.Startcollectinggovernance -->
