<?xml version="1.0" encoding="UTF-8"?>
<!-- Generated by org.testng.reporters.JUnitReportReporter -->
<testsuite hostname="DESKTOP-CM623GF" failures="0" tests="2" name="ESRS_Report.Registerentity" time="87.088" errors="0" timestamp="2025-06-24T16:02:23 IST" skipped="0">
  <testcase classname="ESRS_Report.Registerentity" name="registerentity" time="40.287"/>
  <testcase classname="ESRS_Report.Registerentity" name="registerparentenity" time="46.801"/>
</testsuite> <!-- ESRS_Report.Registerentity -->
