<?xml version="1.0" encoding="UTF-8"?>
<!-- Generated by org.testng.reporters.JUnitReportReporter -->
<testsuite hostname="DESKTOP-CM623GF" failures="0" tests="1" name="daato_automation_test.Markassafe" time="19.397" errors="0" timestamp="2025-04-25T16:02:34 IST" skipped="0">
  <testcase classname="daato_automation_test.Markassafe" name="getadmintoken" time="19.397"/>
</testsuite> <!-- daato_automation_test.Markassafe -->
