<?xml version="1.0" encoding="UTF-8"?>
<!-- Generated by org.testng.reporters.JUnitReportReporter -->
<testsuite hostname="DESKTOP-CM623GF" failures="0" tests="2" name="daato_automation_test.Uploadsupplierrepository" time="73.239" errors="0" timestamp="2025-05-30T18:55:22 IST" skipped="0">
  <testcase classname="daato_automation_test.Uploadsupplierrepository" name="editanduploadrepo" time="46.275"/>
  <testcase classname="daato_automation_test.Uploadsupplierrepository" name="checkcontactnameaftereditrepo" time="26.964"/>
</testsuite> <!-- daato_automation_test.Uploadsupplierrepository -->
