<?xml version="1.0" encoding="UTF-8"?>
<!-- Generated by org.testng.reporters.JUnitReportReporter -->
<testsuite hostname="DESKTOP-CM623GF" failures="0" tests="2" name="DoubleMateriality.Fillsurvery" time="12.449" errors="0" timestamp="2025-04-30T17:51:01 IST" skipped="1">
  <testcase classname="DoubleMateriality.Fillsurvery" name="filldatarequest" time="12.449"/>
  <testcase classname="DoubleMateriality.Fillsurvery" name="loginasstakeholder">
    <skipped/>
  </testcase> <!-- loginasstakeholder -->
</testsuite> <!-- DoubleMateriality.Fillsurvery -->
