<?xml version="1.0" encoding="UTF-8"?>
<!-- Generated by org.testng.reporters.JUnitReportReporter -->
<testsuite hostname="DESKTOP-CM623GF" failures="0" tests="3" name="DoubleMateriality.ManualIROassessment" time="18.671" errors="0" timestamp="2025-06-24T17:27:56 IST" skipped="0">
  <testcase classname="DoubleMateriality.ManualIROassessment" name="createmanualassessment" time="6.674"/>
  <testcase classname="DoubleMateriality.ManualIROassessment" name="assessmanualassessment" time="6.635"/>
  <testcase classname="DoubleMateriality.ManualIROassessment" name="sendcollaborationrequest" time="5.362"/>
</testsuite> <!-- DoubleMateriality.ManualIROassessment -->
