<?xml version="1.0" encoding="UTF-8"?>
<!-- Generated by org.testng.reporters.JUnitReportReporter -->
<testsuite hostname="DESKTOP-38Q9L5G" failures="0" tests="1" name="daato_automation_test.AbstractRiskCalculationTest" time="63.968" errors="0" timestamp="2023-10-17T15:12:56 IST" skipped="0">
  <testcase classname="daato_automation_test.AbstractRiskCalculationTest" name="to_verify_abstrac_risk" time="63.968"/>
</testsuite> <!-- daato_automation_test.AbstractRiskCalculationTest -->
