<?xml version="1.0" encoding="UTF-8"?>
<!-- Generated by org.testng.reporters.JUnitReportReporter -->
<testsuite hostname="DESKTOP-CM623GF" failures="0" tests="2" name="EU_Taxonomy.Fillminimumsafeguard" time="10.119" errors="0" timestamp="2025-06-16T15:18:28 IST" skipped="0">
  <testcase classname="EU_Taxonomy.Fillminimumsafeguard" name="fillMS92" time="4.853"/>
  <testcase classname="EU_Taxonomy.Fillminimumsafeguard" name="fillms32" time="5.266"/>
</testsuite> <!-- EU_Taxonomy.Fillminimumsafeguard -->
