<?xml version="1.0" encoding="UTF-8"?>
<!-- Generated by org.testng.reporters.JUnitReportReporter -->
<testsuite hostname="DESKTOP-CM623GF" failures="0" tests="2" name="ESRS_Report.Generaldisclosures" time="341.677" errors="0" timestamp="2025-06-27T17:07:30 IST" skipped="0">
  <testcase classname="ESRS_Report.Generaldisclosures" name="getdisclousurerequirementid" time="3.234"/>
  <testcase classname="ESRS_Report.Generaldisclosures" name="startESRSG1BusinessConduct1" time="338.443"/>
</testsuite> <!-- ESRS_Report.Generaldisclosures -->
