<?xml version="1.0" encoding="UTF-8"?>
<!-- Generated by org.testng.reporters.JUnitReportReporter -->
<testsuite hostname="DESKTOP-CM623GF" failures="0" tests="1" name="DoubleMateriality.Checksurveryresult" time="46.210" errors="0" timestamp="2025-06-23T18:31:23 IST" skipped="0">
  <testcase classname="DoubleMateriality.Checksurveryresult" name="checksureryresult" time="46.210"/>
</testsuite> <!-- DoubleMateriality.Checksurveryresult -->
