<?xml version="1.0" encoding="UTF-8"?>
<!-- Generated by org.testng.reporters.JUnitReportReporter -->
<testsuite hostname="DESKTOP-CM623GF" failures="0" tests="3" name="daato_automation_test.Addincident" time="56.769" errors="0" timestamp="2025-05-30T18:55:22 IST" skipped="0">
  <testcase classname="daato_automation_test.Addincident" name="Getsupplierid" time="23.134"/>
  <testcase classname="daato_automation_test.Addincident" name="addincident" time="24.162"/>
  <testcase classname="daato_automation_test.Addincident" name="checkriskafteraddingincident" time="9.473"/>
</testsuite> <!-- daato_automation_test.Addincident -->
