<?xml version="1.0" encoding="UTF-8"?>
<!-- Generated by org.testng.reporters.JUnitReportReporter -->
<testsuite hostname="DESKTOP-CM623GF" failures="0" tests="2" name="EU_Taxonomy.Alignactivity" time="43.092" errors="0" timestamp="2025-06-16T17:06:46 IST" skipped="0">
  <testcase classname="EU_Taxonomy.Alignactivity" name="alignactivity32" time="25.382"/>
  <testcase classname="EU_Taxonomy.Alignactivity" name="alignactivity92" time="17.710"/>
</testsuite> <!-- EU_Taxonomy.Alignactivity -->
