<?xml version="1.0" encoding="UTF-8"?>
<!-- Generated by org.testng.reporters.JUnitReportReporter -->
<testsuite hostname="DESKTOP-CM623GF" failures="0" tests="3" name="DoubleMateriality.UploadandcheckIROscore" time="125.467" errors="0" timestamp="2025-06-24T17:27:56 IST" skipped="0">
  <testcase classname="DoubleMateriality.UploadandcheckIROscore" name="uploadiro" time="41.644"/>
  <testcase classname="DoubleMateriality.UploadandcheckIROscore" name="checkiroscore" time="31.903"/>
  <testcase classname="DoubleMateriality.UploadandcheckIROscore" name="checkassedetails" time="51.920"/>
</testsuite> <!-- DoubleMateriality.UploadandcheckIROscore -->
