<?xml version="1.0" encoding="UTF-8"?>
<!-- Generated by org.testng.reporters.JUnitReportReporter -->
<testsuite hostname="DESKTOP-CM623GF" failures="0" tests="1" name="DoubleMateriality.Answercollabrequest" time="35.315" errors="0" timestamp="2025-06-10T12:29:40 IST" skipped="0">
  <testcase classname="DoubleMateriality.Answercollabrequest" name="answercollabrequest" time="35.315"/>
</testsuite> <!-- DoubleMateriality.Answercollabrequest -->
