<?xml version="1.0" encoding="UTF-8"?>
<!-- Generated by org.testng.reporters.JUnitReportReporter -->
<testsuite hostname="DESKTOP-CM623GF" failures="0" tests="1" name="EU_Taxonomy.Acceptdatarequest" time="0.874" errors="0" timestamp="2025-06-18T13:51:09 IST" skipped="0">
  <testcase classname="EU_Taxonomy.Acceptdatarequest" name="approvedatarequest" time="0.874"/>
</testsuite> <!-- EU_Taxonomy.Acceptdatarequest -->
