<?xml version="1.0" encoding="UTF-8"?>
<!-- Generated by org.testng.reporters.JUnitReportReporter -->
<testsuite hostname="DESKTOP-CM623GF" failures="0" tests="1" name="daato_automation_test.BulksupplierImport" time="17.332" errors="0" timestamp="2025-04-28T16:44:13 IST" skipped="0">
  <testcase classname="daato_automation_test.BulksupplierImport" name="uploadbulksuppliers" time="17.332"/>
</testsuite> <!-- daato_automation_test.BulksupplierImport -->
