<?xml version="1.0" encoding="UTF-8"?>
<!-- Generated by org.testng.reporters.JUnitReportReporter -->
<testsuite hostname="DESKTOP-CM623GF" failures="0" tests="5" name="ESRS_Report.Answerdatarequest" time="37.620" errors="0" timestamp="2025-06-23T18:13:43 IST" skipped="0">
  <testcase classname="ESRS_Report.Answerdatarequest" name="startchilddatacollection" time="22.586"/>
  <testcase classname="ESRS_Report.Answerdatarequest" name="completedatacollectionchild" time="0.436"/>
  <testcase classname="ESRS_Report.Answerdatarequest" name="startparentdatacollection" time="13.366"/>
  <testcase classname="ESRS_Report.Answerdatarequest" name="completedatacollectionparent" time="0.271"/>
  <testcase classname="ESRS_Report.Answerdatarequest" name="Completedatacollection" time="0.961"/>
</testsuite> <!-- ESRS_Report.Answerdatarequest -->
