<?xml version="1.0" encoding="UTF-8"?>
<!-- Generated by org.testng.reporters.JUnitReportReporter -->
<testsuite hostname="DESKTOP-CM623GF" failures="0" tests="2" name="daato_automation_test.AcceptingSAQTest" time="67.160" errors="0" timestamp="2025-04-08T17:19:04 IST" skipped="0">
  <testcase classname="daato_automation_test.AcceptingSAQTest" name="accepting_SAQ" time="41.958"/>
  <testcase classname="daato_automation_test.AcceptingSAQTest" name="accept_Btn" time="25.202"/>
</testsuite> <!-- daato_automation_test.AcceptingSAQTest -->
