<?xml version="1.0" encoding="UTF-8"?>
<!-- Generated by org.testng.reporters.JUnitReportReporter -->
<testsuite hostname="DESKTOP-CM623GF" failures="0" tests="2" name="DoubleMateriality.Acceptandfinshsurveryrequest" time="2.923" errors="0" timestamp="2025-06-10T12:29:40 IST" skipped="0">
  <testcase classname="DoubleMateriality.Acceptandfinshsurveryrequest" name="acceptsurveyrequest" time="0.773"/>
  <testcase classname="DoubleMateriality.Acceptandfinshsurveryrequest" name="fishsurvert" time="2.150"/>
</testsuite> <!-- DoubleMateriality.Acceptandfinshsurveryrequest -->
