<?xml version="1.0" encoding="UTF-8"?>
<!-- Generated by org.testng.reporters.JUnitReportReporter -->
<testsuite hostname="DESKTOP-CM623GF" failures="0" tests="3" name="DoubleMateriality.CreateDMreport" time="3.937" errors="0" timestamp="2025-06-24T17:27:56 IST" skipped="0">
  <testcase classname="DoubleMateriality.CreateDMreport" name="createreport" time="0.790"/>
  <testcase classname="DoubleMateriality.CreateDMreport" name="markTopicNonmaterial" time="2.723"/>
  <testcase classname="DoubleMateriality.CreateDMreport" name="checkresponseaftermarkingasnonmaterial" time="0.424"/>
</testsuite> <!-- DoubleMateriality.CreateDMreport -->
