<?xml version="1.0" encoding="UTF-8"?>
<!-- Generated by org.testng.reporters.JUnitReportReporter -->
<testsuite hostname="DESKTOP-CM623GF" failures="0" tests="2" name="ESRS_Report.Registerentity" time="80.512" errors="0" timestamp="2025-06-12T13:06:49 IST" skipped="0">
  <testcase classname="ESRS_Report.Registerentity" name="registerentity" time="40.762"/>
  <testcase classname="ESRS_Report.Registerentity" name="registerparentenity" time="39.750"/>
</testsuite> <!-- ESRS_Report.Registerentity -->
