<?xml version="1.0" encoding="UTF-8"?>
<!-- Generated by org.testng.reporters.JUnitReportReporter -->
<testsuite hostname="DESKTOP-CM623GF" failures="0" tests="1" name="daato_automation_test.AddSupplierTest" time="54.145" errors="0" timestamp="2025-05-30T18:55:22 IST" skipped="0">
  <testcase classname="daato_automation_test.AddSupplierTest" name="add_supplier" time="54.145"/>
</testsuite> <!-- daato_automation_test.AddSupplierTest -->
