<?xml version="1.0" encoding="UTF-8"?>
<!-- Generated by org.testng.reporters.JUnitReportReporter -->
<testsuite hostname="DESKTOP-CM623GF" failures="0" tests="9" name="ESRS_Report.Bulkactions" time="20.643" errors="0" timestamp="2025-06-27T21:10:43 IST" skipped="0">
  <testcase classname="ESRS_Report.Bulkactions" name="markE16voluntaryoff" time="2.963"/>
  <testcase classname="ESRS_Report.Bulkactions" name="markE17nonmaterial" time="1.328"/>
  <testcase classname="ESRS_Report.Bulkactions" name="completestep1" time="0.769"/>
  <testcase classname="ESRS_Report.Bulkactions" name="assigndatapointtoentity" time="6.908"/>
  <testcase classname="ESRS_Report.Bulkactions" name="completestep2" time="1.093"/>
  <testcase classname="ESRS_Report.Bulkactions" name="startdatacollection" time="2.553"/>
  <testcase classname="ESRS_Report.Bulkactions" name="getdatacollectionid" time="2.934"/>
  <testcase classname="ESRS_Report.Bulkactions" name="getesrsentitydatacollectionid" time="1.195"/>
  <testcase classname="ESRS_Report.Bulkactions" name="getesrsentitydatacollectionidparent" time="0.900"/>
</testsuite> <!-- ESRS_Report.Bulkactions -->
