<?xml version="1.0" encoding="UTF-8"?>
<!-- Generated by org.testng.reporters.JUnitReportReporter -->
<testsuite hostname="DESKTOP-CM623GF" failures="0" tests="4" name="EU_Taxonomy.Addfinancialdata" time="3.787" errors="0" timestamp="2025-06-16T15:18:28 IST" skipped="0">
  <testcase classname="EU_Taxonomy.Addfinancialdata" name="Updatestatus" time="0.450"/>
  <testcase classname="EU_Taxonomy.Addfinancialdata" name="addfinancialdata" time="1.356"/>
  <testcase classname="EU_Taxonomy.Addfinancialdata" name="addfinancialdata92" time="0.877"/>
  <testcase classname="EU_Taxonomy.Addfinancialdata" name="addfinancialdata32" time="1.104"/>
</testsuite> <!-- EU_Taxonomy.Addfinancialdata -->
