<?xml version="1.0" encoding="UTF-8"?>
<!-- Generated by org.testng.reporters.JUnitReportReporter -->
<testsuite hostname="DESKTOP-CM623GF" failures="0" tests="2" name="DoubleMateriality.Finalreportscore" time="137.895" errors="0" timestamp="2025-06-24T17:27:56 IST" skipped="0">
  <testcase classname="DoubleMateriality.Finalreportscore" name="checkfinalreportscore" time="38.546"/>
  <testcase classname="DoubleMateriality.Finalreportscore" name="checkrankingview" time="99.349"/>
</testsuite> <!-- DoubleMateriality.Finalreportscore -->
