<?xml version="1.0" encoding="UTF-8"?>
<!-- Generated by org.testng.reporters.JUnitReportReporter -->
<testsuite hostname="DESKTOP-CM623GF" failures="0" tests="2" name="ESRS_Report.ExcelDownloader" time="1.907" errors="0" timestamp="2025-06-10T11:32:38 IST" skipped="0">
  <testcase classname="ESRS_Report.ExcelDownloader" name="downloadesrsexcel" time="1.198"/>
  <testcase classname="ESRS_Report.ExcelDownloader" name="Verifyexceldata" time="0.709"/>
</testsuite> <!-- ESRS_Report.ExcelDownloader -->
