<?xml version="1.0" encoding="UTF-8"?>
<!-- Generated by org.testng.reporters.JUnitReportReporter -->
<testsuite hostname="DESKTOP-CM623GF" failures="0" tests="3" name="ESRS_Report.Startcollectinggovernance" time="321.541" errors="0" timestamp="2025-06-27T21:10:43 IST" skipped="0">
  <testcase classname="ESRS_Report.Startcollectinggovernance" name="getdisclousurerequirementid" time="2.525"/>
  <testcase classname="ESRS_Report.Startcollectinggovernance" name="startESRSG1BusinessConduct" time="238.294"/>
  <testcase classname="ESRS_Report.Startcollectinggovernance" name="startESRSG1BusinessConduct1" time="80.722"/>
</testsuite> <!-- ESRS_Report.Startcollectinggovernance -->
