<?xml version="1.0" encoding="UTF-8"?>
<!-- Generated by org.testng.reporters.JUnitReportReporter -->
<testsuite hostname="DESKTOP-CM623GF" failures="0" tests="2" name="ESRS_Report.Registerentity" time="81.433" errors="0" timestamp="2025-06-04T14:29:05 IST" skipped="0">
  <testcase classname="ESRS_Report.Registerentity" name="registerentity" time="41.124"/>
  <testcase classname="ESRS_Report.Registerentity" name="registerparentenity" time="40.309"/>
</testsuite> <!-- ESRS_Report.Registerentity -->
