<?xml version="1.0" encoding="UTF-8"?>
<!-- Generated by org.testng.reporters.JUnitReportReporter -->
<testsuite hostname="DESKTOP-CM623GF" failures="0" tests="2" name="ESRS_Report.Registerentity" time="115.483" errors="0" timestamp="2025-06-10T15:26:49 IST" skipped="0">
  <testcase classname="ESRS_Report.Registerentity" name="registerentity" time="46.173"/>
  <testcase classname="ESRS_Report.Registerentity" name="registerparentenity" time="69.310"/>
</testsuite> <!-- ESRS_Report.Registerentity -->
