<?xml version="1.0" encoding="UTF-8"?>
<!-- Generated by org.testng.reporters.JUnitReportReporter -->
<testsuite hostname="DESKTOP-CM623GF" failures="0" tests="1" name="DoubleMateriality.Checksurveryresult" time="44.421" errors="0" timestamp="2025-06-12T18:43:08 IST" skipped="0">
  <testcase classname="DoubleMateriality.Checksurveryresult" name="checksureryresult" time="44.421"/>
</testsuite> <!-- DoubleMateriality.Checksurveryresult -->
