<?xml version="1.0" encoding="UTF-8"?>
<!-- Generated by org.testng.reporters.JUnitReportReporter -->
<testsuite hostname="DESKTOP-CM623GF" failures="0" tests="3" name="DoubleMateriality.Createstakeholder" time="2.802" errors="0" timestamp="2025-06-23T18:31:23 IST" skipped="0">
  <testcase classname="DoubleMateriality.Createstakeholder" name="createstakeholdergroup" time="0.550"/>
  <testcase classname="DoubleMateriality.Createstakeholder" name="createstake" time="1.150"/>
  <testcase classname="DoubleMateriality.Createstakeholder" name="getstakeid" time="1.102"/>
</testsuite> <!-- DoubleMateriality.Createstakeholder -->
