<?xml version="1.0" encoding="UTF-8"?>
<!-- Generated by org.testng.reporters.JUnitReportReporter -->
<testsuite hostname="DESKTOP-CM623GF" failures="0" tests="4" name="ESRS_Report.CreateUsers" time="8.168" errors="0" timestamp="2025-06-12T13:06:49 IST" skipped="0">
  <testcase classname="ESRS_Report.CreateUsers" name="createparent" time="1.742"/>
  <testcase classname="ESRS_Report.CreateUsers" name="createparententity" time="0.459"/>
  <testcase classname="ESRS_Report.CreateUsers" name="createchild" time="4.487"/>
  <testcase classname="ESRS_Report.CreateUsers" name="createchildentity" time="1.480"/>
</testsuite> <!-- ESRS_Report.CreateUsers -->
