<?xml version="1.0" encoding="UTF-8"?>
<!-- Generated by org.testng.reporters.JUnitReportReporter -->
<testsuite hostname="DESKTOP-38Q9L5G" failures="0" tests="1" name="Daato_Automation.Risk_Priority_Self_Assessment" time="31.979" errors="0" timestamp="2023-10-12T15:38:48 IST" skipped="0">
  <testcase classname="Daato_Automation.Risk_Priority_Self_Assessment" name="check_risk_priority_Self_assessment" time="31.979"/>
</testsuite> <!-- Daato_Automation.Risk_Priority_Self_Assessment -->
