<?xml version="1.0" encoding="UTF-8"?>
<!-- Generated by org.testng.reporters.JUnitReportReporter -->
<testsuite hostname="DESKTOP-CM623GF" failures="0" tests="2" name="ESRS_Report.Generatereport" time="1.102" errors="0" timestamp="2025-06-10T11:39:23 IST" skipped="0">
  <testcase classname="ESRS_Report.Generatereport" name="updatefinaldr" time="0.642"/>
  <testcase classname="ESRS_Report.Generatereport" name="completeE15" time="0.460"/>
</testsuite> <!-- ESRS_Report.Generatereport -->
