<?xml version="1.0" encoding="UTF-8"?>
<!-- Generated by org.testng.reporters.JUnitReportReporter -->
<testsuite hostname="DESKTOP-CM623GF" failures="0" tests="4" name="ESRS_Report.CreateUsers" time="49.692" errors="0" timestamp="2025-06-27T17:07:30 IST" skipped="0">
  <testcase classname="ESRS_Report.CreateUsers" name="createparent" time="2.699"/>
  <testcase classname="ESRS_Report.CreateUsers" name="createparententity" time="11.102"/>
  <testcase classname="ESRS_Report.CreateUsers" name="createchild" time="33.726"/>
  <testcase classname="ESRS_Report.CreateUsers" name="createchildentity" time="2.165"/>
</testsuite> <!-- ESRS_Report.CreateUsers -->
