<?xml version="1.0" encoding="UTF-8"?>
<!-- Generated by org.testng.reporters.JUnitReportReporter -->
<testsuite hostname="DESKTOP-38Q9L5G" failures="0" tests="1" name="Daato_Automation.Risk_Priority_Self_Assessment" time="36.263" errors="0" timestamp="2023-10-17T16:23:54 IST" skipped="0">
  <testcase classname="Daato_Automation.Risk_Priority_Self_Assessment" name="check_risk_priority_Self_assessment" time="36.263"/>
</testsuite> <!-- Daato_Automation.Risk_Priority_Self_Assessment -->
