<?xml version="1.0" encoding="UTF-8"?>
<!-- Generated by org.testng.reporters.JUnitReportReporter -->
<testsuite hostname="DESKTOP-CM623GF" failures="0" tests="2" name="daato_automation_test.Bulkassignentity" time="49.648" errors="0" timestamp="2025-04-24T12:34:31 IST" skipped="0">
  <testcase classname="daato_automation_test.Bulkassignentity" name="bulkassignentity" time="26.924"/>
  <testcase classname="daato_automation_test.Bulkassignentity" name="bulkassignrelationshipmanager" time="22.724"/>
</testsuite> <!-- daato_automation_test.Bulkassignentity -->
