<?xml version="1.0" encoding="UTF-8"?>
<!-- Generated by org.testng.reporters.JUnitReportReporter -->
<testsuite hostname="DESKTOP-CM623GF" failures="0" tests="2" name="ESRS_Report.Registerentity" time="83.782" errors="0" timestamp="2025-06-09T13:37:19 IST" skipped="0">
  <testcase classname="ESRS_Report.Registerentity" name="registerentity" time="44.732"/>
  <testcase classname="ESRS_Report.Registerentity" name="registerparentenity" time="39.050"/>
</testsuite> <!-- ESRS_Report.Registerentity -->
