<?xml version="1.0" encoding="UTF-8"?>
<!-- Generated by org.testng.reporters.JUnitReportReporter -->
<testsuite hostname="DESKTOP-CM623GF" failures="0" tests="5" name="ESRS_Report.Answerdatarequest" time="32.311" errors="0" timestamp="2025-06-09T13:37:19 IST" skipped="0">
  <testcase classname="ESRS_Report.Answerdatarequest" name="startchilddatacollection" time="14.723"/>
  <testcase classname="ESRS_Report.Answerdatarequest" name="completedatacollectionchild" time="0.456"/>
  <testcase classname="ESRS_Report.Answerdatarequest" name="startparentdatacollection" time="15.379"/>
  <testcase classname="ESRS_Report.Answerdatarequest" name="completedatacollectionparent" time="0.285"/>
  <testcase classname="ESRS_Report.Answerdatarequest" name="Completedatacollection" time="1.468"/>
</testsuite> <!-- ESRS_Report.Answerdatarequest -->
