<?xml version="1.0" encoding="UTF-8"?>
<!-- Generated by org.testng.reporters.JUnitReportReporter -->
<testsuite hostname="DESKTOP-38Q9L5G" failures="0" tests="10" name="daato_automation_test.SelfAssessmentTest" time="579.052" errors="0" timestamp="2025-02-13T15:45:00 IST" skipped="0">
  <testcase classname="daato_automation_test.SelfAssessmentTest" name="General_information" time="56.202"/>
  <testcase classname="daato_automation_test.SelfAssessmentTest" name="add_governance_and" time="55.844"/>
  <testcase classname="daato_automation_test.SelfAssessmentTest" name="Add_Buisness_Ethics" time="63.043"/>
  <testcase classname="daato_automation_test.SelfAssessmentTest" name="Add_responsible_supply_chain_management" time="82.522"/>
  <testcase classname="daato_automation_test.SelfAssessmentTest" name="add_policies_and_certifications" time="66.450"/>
  <testcase classname="daato_automation_test.SelfAssessmentTest" name="add_policy_part_second" time="103.814"/>
  <testcase classname="daato_automation_test.SelfAssessmentTest" name="add_chld_frc_hs_fa_ee_fw_lr" time="47.531"/>
  <testcase classname="daato_automation_test.SelfAssessmentTest" name="add_cs_sw" time="36.163"/>
  <testcase classname="daato_automation_test.SelfAssessmentTest" name="add_environmental_performance" time="33.243"/>
  <testcase classname="daato_automation_test.SelfAssessmentTest" name="submit_SAQ" time="34.240"/>
</testsuite> <!-- daato_automation_test.SelfAssessmentTest -->
