<?xml version="1.0" encoding="UTF-8"?>
<!-- Generated by org.testng.reporters.JUnitReportReporter -->
<testsuite hostname="DESKTOP-CM623GF" failures="0" tests="3" name="daato_automation_test.Addincident" time="43.469" errors="0" timestamp="2025-06-16T17:04:01 IST" skipped="0">
  <testcase classname="daato_automation_test.Addincident" name="Getsupplierid" time="18.980"/>
  <testcase classname="daato_automation_test.Addincident" name="addincident" time="18.363"/>
  <testcase classname="daato_automation_test.Addincident" name="checkriskafteraddingincident" time="6.126"/>
</testsuite> <!-- daato_automation_test.Addincident -->
