<?xml version="1.0" encoding="UTF-8"?>
<!-- Generated by org.testng.reporters.JUnitReportReporter -->
<testsuite hostname="DESKTOP-CM623GF" failures="0" tests="3" name="DoubleMateriality.ManualIROassessment" time="22.881" errors="0" timestamp="2025-06-10T12:29:40 IST" skipped="0">
  <testcase classname="DoubleMateriality.ManualIROassessment" name="createmanualassessment" time="6.791"/>
  <testcase classname="DoubleMateriality.ManualIROassessment" name="assessmanualassessment" time="10.141"/>
  <testcase classname="DoubleMateriality.ManualIROassessment" name="sendcollaborationrequest" time="5.949"/>
</testsuite> <!-- DoubleMateriality.ManualIROassessment -->
