<?xml version="1.0" encoding="UTF-8"?>
<!-- Generated by org.testng.reporters.JUnitReportReporter -->
<testsuite hostname="DESKTOP-CM623GF" failures="0" tests="4" name="DoubleMateriality.Fillandsubmitsurveryrequest" time="4.736" errors="0" timestamp="2025-06-10T13:22:06 IST" skipped="0">
  <testcase classname="DoubleMateriality.Fillandsubmitsurveryrequest" name="filldatarequest" time="2.895"/>
  <testcase classname="DoubleMateriality.Fillandsubmitsurveryrequest" name="addentityspecificdisclousre" time="0.344"/>
  <testcase classname="DoubleMateriality.Fillandsubmitsurveryrequest" name="submitrequest" time="1.003"/>
  <testcase classname="DoubleMateriality.Fillandsubmitsurveryrequest" name="getcontributorid" time="0.494"/>
</testsuite> <!-- DoubleMateriality.Fillandsubmitsurveryrequest -->
