<?xml version="1.0" encoding="UTF-8"?>
<!-- Generated by org.testng.reporters.JUnitReportReporter -->
<testsuite hostname="DESKTOP-38Q9L5G" failures="0" tests="1" name="Daato_Automation.Abstract_Risk_Calculation" time="60.012" errors="0" timestamp="2023-10-17T13:51:19 IST" skipped="0">
  <testcase classname="Daato_Automation.Abstract_Risk_Calculation" name="to_verify_abstrac_risk" time="60.012"/>
</testsuite> <!-- Daato_Automation.Abstract_Risk_Calculation -->
